-------------------------------------------------------------------------------
Test set: com.example.audit.OidcAuthenticationTest
-------------------------------------------------------------------------------
Tests run: 10, Failures: 0, Errors: 0, Skipped: 0, Time elapsed: 2.904 s -- in com.example.audit.OidcAuthenticationTest
com.example.audit.OidcAuthenticationTest.actorAndTenantComeFromClaims -- Time elapsed: 0.014 s
com.example.audit.OidcAuthenticationTest.tokenClaimsBecomeTheIdentity -- Time elapsed: 0.067 s
com.example.audit.OidcAuthenticationTest.missingTenantClaimIsDenied -- Time elapsed: 0.006 s
com.example.audit.OidcAuthenticationTest.rolesClaimBecomesAuthorities -- Time elapsed: 0.008 s
com.example.audit.OidcAuthenticationTest.apiDocsAreNotPublicUnderOidc -- Time elapsed: 0.013 s
com.example.audit.OidcAuthenticationTest.basicCredentialsDoNotWorkUnderOidc -- Time elapsed: 0.012 s
com.example.audit.OidcAuthenticationTest.missingActorClaimIsDenied -- Time elapsed: 0.008 s
com.example.audit.OidcAuthenticationTest.unauthenticatedRequestIsRefused -- Time elapsed: 0.007 s
com.example.audit.OidcAuthenticationTest.tokenWithoutRolesGrantsNothing -- Time elapsed: 0.005 s
com.example.audit.OidcAuthenticationTest.claimNamesAreConfigurable -- Time elapsed: 0.004 s
