-------------------------------------------------------------------------------
Test set: com.example.audit.SigningKeyStoreTest
-------------------------------------------------------------------------------
Tests run: 10, Failures: 0, Errors: 0, Skipped: 0, Time elapsed: 0.559 s -- in com.example.audit.SigningKeyStoreTest
com.example.audit.SigningKeyStoreTest.keyAndSignaturesSurviveRestart(Path) -- Time elapsed: 0.172 s
com.example.audit.SigningKeyStoreTest.configuredStoreRefusesLocalRotation -- Time elapsed: 0.011 s
com.example.audit.SigningKeyStoreTest.unknownKeyIdDoesNotFallBack(Path) -- Time elapsed: 0.018 s
com.example.audit.SigningKeyStoreTest.unusableConfiguredMaterialFailsFast -- Time elapsed: 0.004 s
com.example.audit.SigningKeyStoreTest.rotationRetainsEarlierKeysForVerification(Path) -- Time elapsed: 0.112 s
com.example.audit.SigningKeyStoreTest.ephemeralStoreDoesNotSurviveRestart -- Time elapsed: 0.014 s
com.example.audit.SigningKeyStoreTest.rotationSurvivesRestart(Path) -- Time elapsed: 0.055 s
com.example.audit.SigningKeyStoreTest.noKeySourceFailsClosed -- Time elapsed: 0.009 s
com.example.audit.SigningKeyStoreTest.keyFileIsCreatedOnceAndReused(Path) -- Time elapsed: 0.098 s
com.example.audit.SigningKeyStoreTest.keySourceSelectionOrderIsExplicit(Path) -- Time elapsed: 0.040 s
