-------------------------------------------------------------------------------
Test set: com.example.audit.RateLimitFilterTest
-------------------------------------------------------------------------------
Tests run: 3, Failures: 0, Errors: 0, Skipped: 0, Time elapsed: 11.16 s -- in com.example.audit.RateLimitFilterTest
com.example.audit.RateLimitFilterTest.limitsArePerPrincipal -- Time elapsed: 2.794 s
com.example.audit.RateLimitFilterTest.requestsBeyondTheCeilingAreRejected -- Time elapsed: 3.088 s
com.example.audit.RateLimitFilterTest.unauthenticatedRequestsAreStillRejected -- Time elapsed: 3.202 s
