<?xml version="1.0" encoding="UTF-8"?>
<testsuite xmlns:xsi="http://www.w3.org/2001/XMLSchema-instance" xsi:noNamespaceSchemaLocation="https://maven.apache.org/surefire/maven-surefire-plugin/xsd/surefire-test-report-3.0.xsd" version="3.0" name="com.example.audit.AppendConcurrencyAndRollbackTest" time="57.879" tests="4" errors="0" skipped="0" failures="0">
  <properties>
[...]
</properties>
  <testcase name="concurrentAppendsProduceAContiguousChain" classname="com.example.audit.AppendConcurrencyAndRollbackTest" time="4.647">
    <system-out><![CDATA[21:21:45.237 [main] INFO org.springframework.test.context.support.AnnotationConfigContextLoaderUtils -- Could not detect default configuration classes for test class [com.example.audit.AppendConcurrencyAndRollbackTest]: AppendConcurrencyAndRollbackTest does not declare any static, non-private, non-final, nested classes annotated with @Configuration.
21:21:46.309 [main] INFO org.springframework.boot.test.context.SpringBootTestContextBootstrapper -- Found @SpringBootConfiguration com.example.audit.AuditLogApplication for test class com.example.audit.AppendConcurrencyAndRollbackTest

  .   ____          _            __ _ _
 /\\ / ___'_ __ _ _(_)_ __  __ _ \ \ \ \
( ( )\___ | '_ | '_| | '_ \/ _` | \ \ \ \
 \\/  ___)| |_)| | | | | || (_| |  ) ) ) )
  '  |____| .__|_| |_|_| |_\__, | / / / /
 =========|_|==============|___/=/_/_/_/

 :: Spring Boot ::                (v3.3.5)

2026-08-20T21:21:49.784+05:30  INFO 8628 --- [           main] c.e.a.AppendConcurrencyAndRollbackTest   : Starting AppendConcurrencyAndRollbackTest using Java 21.0.8 with PID 8628 (started by Admin in C:\Users\Admin\git\tamper-evident-audit-log-ai-assisted)
2026-08-20T21:21:49.789+05:30  INFO 8628 --- [           main] c.e.a.AppendConcurrencyAndRollbackTest   : No active profile set, falling back to 1 default profile: "default"
2026-08-20T21:21:56.894+05:30  INFO 8628 --- [           main] .s.d.r.c.RepositoryConfigurationDelegate : Bootstrapping Spring Data JPA repositories in DEFAULT mode.
2026-08-20T21:21:57.218+05:30  INFO 8628 --- [           main] .s.d.r.c.RepositoryConfigurationDelegate : Finished Spring Data repository scanning in 293 ms. Found 5 JPA repository interfaces.
2026-08-20T21:22:00.232+05:30  INFO 8628 --- [           main] o.hibernate.jpa.internal.util.LogHelper  : HHH000204: Processing PersistenceUnitInfo [name: default]
2026-08-20T21:22:00.603+05:30  INFO 8628 --- [           main] org.hibernate.Version                    : HHH000412: Hibernate ORM core version 6.5.3.Final
2026-08-20T21:22:00.777+05:30  INFO 8628 --- [           main] o.h.c.internal.RegionFactoryInitiator    : HHH000026: Second-level cache disabled
2026-08-20T21:22:02.732+05:30  INFO 8628 --- [           main] o.s.o.j.p.SpringPersistenceUnitInfo      : No LoadTimeWeaver setup: ignoring JPA class transformer
2026-08-20T21:22:02.905+05:30  INFO 8628 --- [           main] com.zaxxer.hikari.HikariDataSource       : HikariPool-1 - Starting...
2026-08-20T21:22:04.996+05:30  INFO 8628 --- [           main] com.zaxxer.hikari.pool.HikariPool        : HikariPool-1 - Added connection conn0: url=jdbc:h2:mem:audit-test user=SA
2026-08-20T21:22:05.003+05:30  INFO 8628 --- [           main] com.zaxxer.hikari.HikariDataSource       : HikariPool-1 - Start completed.
2026-08-20T21:22:10.891+05:30  INFO 8628 --- [           main] o.h.e.t.j.p.i.JtaPlatformInitiator       : HHH000489: No JTA platform available (set 'hibernate.transaction.jta.platform' to enable JTA platform integration)
2026-08-20T21:22:11.133+05:30  INFO 8628 --- [           main] j.LocalContainerEntityManagerFactoryBean : Initialized JPA EntityManagerFactory for persistence unit 'default'
2026-08-20T21:22:20.389+05:30  INFO 8628 --- [           main] o.s.d.j.r.query.QueryEnhancerFactory     : Hibernate is in classpath; If applicable, HQL parser will be used.
2026-08-20T21:22:26.353+05:30  WARN 8628 --- [           main] c.e.audit.config.SigningKeyStoreConfig   : Using an EPHEMERAL signing key. Signatures produced now will NOT verify after a restart. Set audit.signing.private-key-base64/public-key-base64 (KMS-injected) or audit.signing.store-path for any deployment whose exports must remain verifiable.
2026-08-20T21:22:26.354+05:30  INFO 8628 --- [           main] c.e.audit.config.SigningKeyStoreConfig   : Audit export signing initialised: EPHEMERAL in-memory key store (not durable - test/throwaway use only)
2026-08-20T21:22:28.205+05:30  WARN 8628 --- [           main] JpaBaseConfiguration$JpaWebConfiguration : spring.jpa.open-in-view is enabled by default. Therefore, database queries may be performed during view rendering. Explicitly configure spring.jpa.open-in-view to disable this warning
2026-08-20T21:22:29.143+05:30  INFO 8628 --- [           main] r$InitializeUserDetailsManagerConfigurer : Global AuthenticationManager configured with UserDetailsService bean with name userDetailsService
2026-08-20T21:22:35.675+05:30  INFO 8628 --- [           main] c.e.a.AppendConcurrencyAndRollbackTest   : Started AppendConcurrencyAndRollbackTest in 47.875 seconds (process running for 58.362)
2026-08-20T21:22:38.932+05:30  WARN 8628 --- [pool-2-thread-5] o.h.engine.jdbc.spi.SqlExceptionHelper   : SQL Error: 23505, SQLState: 23505
2026-08-20T21:22:38.933+05:30 ERROR 8628 --- [pool-2-thread-5] o.h.engine.jdbc.spi.SqlExceptionHelper   : Unique index or primary key violation: "PUBLIC.PRIMARY_KEY_B ON PUBLIC.CHAIN_HEADS(TENANT_ID) VALUES ( /* 1 */ 'tenant-a' )"; SQL statement:
insert into chain_heads (last_hash,last_index,tenant_id) values (?,?,?) [23505-224]
2026-08-20T21:22:38.934+05:30  WARN 8628 --- [pool-2-thread-8] o.h.engine.jdbc.spi.SqlExceptionHelper   : SQL Error: 23505, SQLState: 23505
2026-08-20T21:22:38.932+05:30  WARN 8628 --- [pool-2-thread-3] o.h.engine.jdbc.spi.SqlExceptionHelper   : SQL Error: 23505, SQLState: 23505
2026-08-20T21:22:38.934+05:30 ERROR 8628 --- [pool-2-thread-8] o.h.engine.jdbc.spi.SqlExceptionHelper   : Unique index or primary key violation: "PUBLIC.PRIMARY_KEY_B ON PUBLIC.CHAIN_HEADS(TENANT_ID) VALUES ( /* 1 */ 'tenant-a' )"; SQL statement:
insert into chain_heads (last_hash,last_index,tenant_id) values (?,?,?) [23505-224]
2026-08-20T21:22:38.934+05:30 ERROR 8628 --- [pool-2-thread-3] o.h.engine.jdbc.spi.SqlExceptionHelper   : Unique index or primary key violation: "PUBLIC.PRIMARY_KEY_B ON PUBLIC.CHAIN_HEADS(TENANT_ID) VALUES ( /* 1 */ 'tenant-a' )"; SQL statement:
insert into chain_heads (last_hash,last_index,tenant_id) values (?,?,?) [23505-224]
2026-08-20T21:22:38.932+05:30  WARN 8628 --- [pool-2-thread-2] o.h.engine.jdbc.spi.SqlExceptionHelper   : SQL Error: 23505, SQLState: 23505
2026-08-20T21:22:38.935+05:30 ERROR 8628 --- [pool-2-thread-2] o.h.engine.jdbc.spi.SqlExceptionHelper   : Unique index or primary key violation: "PUBLIC.PRIMARY_KEY_B ON PUBLIC.CHAIN_HEADS(TENANT_ID) VALUES ( /* 1 */ 'tenant-a' )"; SQL statement:
insert into chain_heads (last_hash,last_index,tenant_id) values (?,?,?) [23505-224]
2026-08-20T21:22:38.934+05:30  WARN 8628 --- [pool-2-thread-4] o.h.engine.jdbc.spi.SqlExceptionHelper   : SQL Error: 23505, SQLState: 23505
2026-08-20T21:22:38.935+05:30  WARN 8628 --- [pool-2-thread-7] o.h.engine.jdbc.spi.SqlExceptionHelper   : SQL Error: 23505, SQLState: 23505
2026-08-20T21:22:38.936+05:30 ERROR 8628 --- [pool-2-thread-4] o.h.engine.jdbc.spi.SqlExceptionHelper   : Unique index or primary key violation: "PUBLIC.PRIMARY_KEY_B ON PUBLIC.CHAIN_HEADS(TENANT_ID) VALUES ( /* 1 */ 'tenant-a' )"; SQL statement:
insert into chain_heads (last_hash,last_index,tenant_id) values (?,?,?) [23505-224]
2026-08-20T21:22:38.936+05:30 ERROR 8628 --- [pool-2-thread-7] o.h.engine.jdbc.spi.SqlExceptionHelper   : Unique index or primary key violation: "PUBLIC.PRIMARY_KEY_B ON PUBLIC.CHAIN_HEADS(TENANT_ID) VALUES ( /* 1 */ 'tenant-a' )"; SQL statement:
insert into chain_heads (last_hash,last_index,tenant_id) values (?,?,?) [23505-224]
2026-08-20T21:22:38.936+05:30  WARN 8628 --- [pool-2-thread-6] o.h.engine.jdbc.spi.SqlExceptionHelper   : SQL Error: 23505, SQLState: 23505
2026-08-20T21:22:38.937+05:30 ERROR 8628 --- [pool-2-thread-6] o.h.engine.jdbc.spi.SqlExceptionHelper   : Unique index or primary key violation: "PUBLIC.PRIMARY_KEY_B ON PUBLIC.CHAIN_HEADS(TENANT_ID) VALUES ( /* 1 */ 'tenant-a' )"; SQL statement:
insert into chain_heads (last_hash,last_index,tenant_id) values (?,?,?) [23505-224]
]]></system-out>
    <system-err><![CDATA[WARNING: A Java agent has been loaded dynamically (C:\Users\Admin\.m2\repository\net\bytebuddy\byte-buddy-agent\1.14.19\byte-buddy-agent-1.14.19.jar)
WARNING: If a serviceability tool is in use, please run with -XX:+EnableDynamicAgentLoading to hide this warning
WARNING: If a serviceability tool is not in use, please run with -Djdk.instrument.traceUsage for more information
WARNING: Dynamic loading of agents will be disallowed by default in a future release
]]></system-err>
  </testcase>
  <testcase name="failedAppendConsumesNoIndex" classname="com.example.audit.AppendConcurrencyAndRollbackTest" time="0.556"/>
  <testcase name="failedAppendDoesNotBurnItsIdempotencyKey" classname="com.example.audit.AppendConcurrencyAndRollbackTest" time="0.186"/>
  <testcase name="concurrentAppendsWithTheSameKeyCreateOneRecord" classname="com.example.audit.AppendConcurrencyAndRollbackTest" time="0.263">
    <system-out><![CDATA[2026-08-20T21:22:41.389+05:30  WARN 8628 --- [pool-3-thread-4] o.h.engine.jdbc.spi.SqlExceptionHelper   : SQL Error: 23505, SQLState: 23505
2026-08-20T21:22:41.390+05:30 ERROR 8628 --- [pool-3-thread-4] o.h.engine.jdbc.spi.SqlExceptionHelper   : Unique index or primary key violation: "PUBLIC.UK_IDEMPOTENCY_TENANT_KEY_INDEX_6 ON PUBLIC.IDEMPOTENCY_RECORDS(TENANT_ID NULLS FIRST, IDEMPOTENCY_KEY NULLS FIRST) VALUES ( /* key:2 */ 'tenant-a', 'shared-retry-key')"; SQL statement:
insert into idempotency_records (created_at,idempotency_key,record_id,request_hash,tenant_id,id) values (?,?,?,?,?,?) [23505-224]
2026-08-20T21:22:41.407+05:30  WARN 8628 --- [pool-3-thread-3] o.h.engine.jdbc.spi.SqlExceptionHelper   : SQL Error: 23505, SQLState: 23505
2026-08-20T21:22:41.407+05:30 ERROR 8628 --- [pool-3-thread-3] o.h.engine.jdbc.spi.SqlExceptionHelper   : Unique index or primary key violation: "PUBLIC.UK_IDEMPOTENCY_TENANT_KEY_INDEX_6 ON PUBLIC.IDEMPOTENCY_RECORDS(TENANT_ID NULLS FIRST, IDEMPOTENCY_KEY NULLS FIRST) VALUES ( /* key:2 */ 'tenant-a', 'shared-retry-key')"; SQL statement:
insert into idempotency_records (created_at,idempotency_key,record_id,request_hash,tenant_id,id) values (?,?,?,?,?,?) [23505-224]
]]></system-out>
  </testcase>
</testsuite>