<?xml version="1.0" encoding="UTF-8"?>
<testsuite xmlns:xsi="http://www.w3.org/2001/XMLSchema-instance" xsi:noNamespaceSchemaLocation="https://maven.apache.org/surefire/maven-surefire-plugin/xsd/surefire-test-report-3.0.xsd" version="3.0" name="com.example.audit.AuditSecurityTest" time="58.221" tests="17" errors="0" skipped="0" failures="0">
  <properties>
[...]
</properties>
  <testcase name="adminCanRedact" classname="com.example.audit.AuditSecurityTest" time="5.461">
    <system-out><![CDATA[2026-08-20T21:22:58.084+05:30  INFO 8628 --- [           main] t.c.s.AnnotationConfigContextLoaderUtils : Could not detect default configuration classes for test class [com.example.audit.AuditSecurityTest]: AuditSecurityTest does not declare any static, non-private, non-final, nested classes annotated with @Configuration.
2026-08-20T21:22:58.099+05:30  INFO 8628 --- [           main] .b.t.c.SpringBootTestContextBootstrapper : Found @SpringBootConfiguration com.example.audit.AuditLogApplication for test class com.example.audit.AuditSecurityTest
2026-08-20T21:22:58.149+05:30  INFO 8628 --- [           main] j.LocalContainerEntityManagerFactoryBean : Closing JPA EntityManagerFactory for persistence unit 'default'
2026-08-20T21:22:58.197+05:30  INFO 8628 --- [           main] com.zaxxer.hikari.HikariDataSource       : HikariPool-2 - Shutdown initiated...
2026-08-20T21:22:58.201+05:30  INFO 8628 --- [           main] com.zaxxer.hikari.HikariDataSource       : HikariPool-2 - Shutdown completed.

  .   ____          _            __ _ _
 /\\ / ___'_ __ _ _(_)_ __  __ _ \ \ \ \
( ( )\___ | '_ | '_| | '_ \/ _` | \ \ \ \
 \\/  ___)| |_)| | | | | || (_| |  ) ) ) )
  '  |____| .__|_| |_|_| |_\__, | / / / /
 =========|_|==============|___/=/_/_/_/

 :: Spring Boot ::                (v3.3.5)

2026-08-20T21:22:58.435+05:30  INFO 8628 --- [           main] com.example.audit.AuditSecurityTest      : Starting AuditSecurityTest using Java 21.0.8 with PID 8628 (started by Admin in C:\Users\Admin\git\tamper-evident-audit-log-ai-assisted)
2026-08-20T21:22:58.436+05:30  INFO 8628 --- [           main] com.example.audit.AuditSecurityTest      : No active profile set, falling back to 1 default profile: "default"
2026-08-20T21:23:00.064+05:30  INFO 8628 --- [           main] .s.d.r.c.RepositoryConfigurationDelegate : Bootstrapping Spring Data JPA repositories in DEFAULT mode.
2026-08-20T21:23:00.207+05:30  INFO 8628 --- [           main] .s.d.r.c.RepositoryConfigurationDelegate : Finished Spring Data repository scanning in 142 ms. Found 5 JPA repository interfaces.
2026-08-20T21:23:00.664+05:30  INFO 8628 --- [           main] o.hibernate.jpa.internal.util.LogHelper  : HHH000204: Processing PersistenceUnitInfo [name: default]
2026-08-20T21:23:00.676+05:30  INFO 8628 --- [           main] o.h.c.internal.RegionFactoryInitiator    : HHH000026: Second-level cache disabled
2026-08-20T21:23:00.720+05:30  INFO 8628 --- [           main] o.s.o.j.p.SpringPersistenceUnitInfo      : No LoadTimeWeaver setup: ignoring JPA class transformer
2026-08-20T21:23:00.723+05:30  INFO 8628 --- [           main] com.zaxxer.hikari.HikariDataSource       : HikariPool-3 - Starting...
2026-08-20T21:23:00.726+05:30  INFO 8628 --- [           main] com.zaxxer.hikari.pool.HikariPool        : HikariPool-3 - Added connection conn20: url=jdbc:h2:mem:audit-test user=SA
2026-08-20T21:23:00.727+05:30  INFO 8628 --- [           main] com.zaxxer.hikari.HikariDataSource       : HikariPool-3 - Start completed.
2026-08-20T21:23:01.393+05:30  INFO 8628 --- [           main] o.h.e.t.j.p.i.JtaPlatformInitiator       : HHH000489: No JTA platform available (set 'hibernate.transaction.jta.platform' to enable JTA platform integration)
2026-08-20T21:23:01.426+05:30  INFO 8628 --- [           main] j.LocalContainerEntityManagerFactoryBean : Initialized JPA EntityManagerFactory for persistence unit 'default'
2026-08-20T21:23:01.880+05:30  WARN 8628 --- [           main] c.e.audit.config.SigningKeyStoreConfig   : Using an EPHEMERAL signing key. Signatures produced now will NOT verify after a restart. Set audit.signing.private-key-base64/public-key-base64 (KMS-injected) or audit.signing.store-path for any deployment whose exports must remain verifiable.
2026-08-20T21:23:01.880+05:30  INFO 8628 --- [           main] c.e.audit.config.SigningKeyStoreConfig   : Audit export signing initialised: EPHEMERAL in-memory key store (not durable - test/throwaway use only)
2026-08-20T21:23:02.037+05:30  WARN 8628 --- [           main] JpaBaseConfiguration$JpaWebConfiguration : spring.jpa.open-in-view is enabled by default. Therefore, database queries may be performed during view rendering. Explicitly configure spring.jpa.open-in-view to disable this warning
2026-08-20T21:23:02.467+05:30  INFO 8628 --- [           main] r$InitializeUserDetailsManagerConfigurer : Global AuthenticationManager configured with UserDetailsService bean with name userDetailsService
2026-08-20T21:23:02.931+05:30  INFO 8628 --- [           main] o.s.b.t.m.w.SpringBootMockServletContext : Initializing Spring TestDispatcherServlet ''
2026-08-20T21:23:02.931+05:30  INFO 8628 --- [           main] o.s.t.web.servlet.TestDispatcherServlet  : Initializing Servlet ''
2026-08-20T21:23:02.934+05:30  INFO 8628 --- [           main] o.s.t.web.servlet.TestDispatcherServlet  : Completed initialization in 1 ms
2026-08-20T21:23:02.955+05:30  INFO 8628 --- [           main] com.example.audit.AuditSecurityTest      : Started AuditSecurityTest in 4.746 seconds (process running for 85.644)
]]></system-out>
  </testcase>
  <testcase name="writerCannotRedact" classname="com.example.audit.AuditSecurityTest" time="4.07">
    <system-out><![CDATA[2026-08-20T21:23:03.589+05:30  INFO 8628 --- [           main] j.LocalContainerEntityManagerFactoryBean : Closing JPA EntityManagerFactory for persistence unit 'default'
2026-08-20T21:23:03.597+05:30  INFO 8628 --- [           main] com.zaxxer.hikari.HikariDataSource       : HikariPool-3 - Shutdown initiated...
2026-08-20T21:23:03.600+05:30  INFO 8628 --- [           main] com.zaxxer.hikari.HikariDataSource       : HikariPool-3 - Shutdown completed.

  .   ____          _            __ _ _
 /\\ / ___'_ __ _ _(_)_ __  __ _ \ \ \ \
( ( )\___ | '_ | '_| | '_ \/ _` | \ \ \ \
 \\/  ___)| |_)| | | | | || (_| |  ) ) ) )
  '  |____| .__|_| |_|_| |_\__, | / / / /
 =========|_|==============|___/=/_/_/_/

 :: Spring Boot ::                (v3.3.5)

2026-08-20T21:23:03.718+05:30  INFO 8628 --- [           main] com.example.audit.AuditSecurityTest      : Starting AuditSecurityTest using Java 21.0.8 with PID 8628 (started by Admin in C:\Users\Admin\git\tamper-evident-audit-log-ai-assisted)
2026-08-20T21:23:03.719+05:30  INFO 8628 --- [           main] com.example.audit.AuditSecurityTest      : No active profile set, falling back to 1 default profile: "default"
2026-08-20T21:23:05.201+05:30  INFO 8628 --- [           main] .s.d.r.c.RepositoryConfigurationDelegate : Bootstrapping Spring Data JPA repositories in DEFAULT mode.
2026-08-20T21:23:05.294+05:30  INFO 8628 --- [           main] .s.d.r.c.RepositoryConfigurationDelegate : Finished Spring Data repository scanning in 91 ms. Found 5 JPA repository interfaces.
2026-08-20T21:23:05.602+05:30  INFO 8628 --- [           main] o.hibernate.jpa.internal.util.LogHelper  : HHH000204: Processing PersistenceUnitInfo [name: default]
2026-08-20T21:23:05.621+05:30  INFO 8628 --- [           main] o.h.c.internal.RegionFactoryInitiator    : HHH000026: Second-level cache disabled
2026-08-20T21:23:05.658+05:30  INFO 8628 --- [           main] o.s.o.j.p.SpringPersistenceUnitInfo      : No LoadTimeWeaver setup: ignoring JPA class transformer
2026-08-20T21:23:05.661+05:30  INFO 8628 --- [           main] com.zaxxer.hikari.HikariDataSource       : HikariPool-4 - Starting...
2026-08-20T21:23:05.664+05:30  INFO 8628 --- [           main] com.zaxxer.hikari.pool.HikariPool        : HikariPool-4 - Added connection conn30: url=jdbc:h2:mem:audit-test user=SA
2026-08-20T21:23:05.665+05:30  INFO 8628 --- [           main] com.zaxxer.hikari.HikariDataSource       : HikariPool-4 - Start completed.
2026-08-20T21:23:06.044+05:30  INFO 8628 --- [           main] o.h.e.t.j.p.i.JtaPlatformInitiator       : HHH000489: No JTA platform available (set 'hibernate.transaction.jta.platform' to enable JTA platform integration)
2026-08-20T21:23:06.071+05:30  INFO 8628 --- [           main] j.LocalContainerEntityManagerFactoryBean : Initialized JPA EntityManagerFactory for persistence unit 'default'
2026-08-20T21:23:06.328+05:30  WARN 8628 --- [           main] c.e.audit.config.SigningKeyStoreConfig   : Using an EPHEMERAL signing key. Signatures produced now will NOT verify after a restart. Set audit.signing.private-key-base64/public-key-base64 (KMS-injected) or audit.signing.store-path for any deployment whose exports must remain verifiable.
2026-08-20T21:23:06.328+05:30  INFO 8628 --- [           main] c.e.audit.config.SigningKeyStoreConfig   : Audit export signing initialised: EPHEMERAL in-memory key store (not durable - test/throwaway use only)
2026-08-20T21:23:06.519+05:30  WARN 8628 --- [           main] JpaBaseConfiguration$JpaWebConfiguration : spring.jpa.open-in-view is enabled by default. Therefore, database queries may be performed during view rendering. Explicitly configure spring.jpa.open-in-view to disable this warning
2026-08-20T21:23:06.909+05:30  INFO 8628 --- [           main] r$InitializeUserDetailsManagerConfigurer : Global AuthenticationManager configured with UserDetailsService bean with name userDetailsService
2026-08-20T21:23:07.307+05:30  INFO 8628 --- [           main] o.s.b.t.m.w.SpringBootMockServletContext : Initializing Spring TestDispatcherServlet ''
2026-08-20T21:23:07.308+05:30  INFO 8628 --- [           main] o.s.t.web.servlet.TestDispatcherServlet  : Initializing Servlet ''
2026-08-20T21:23:07.310+05:30  INFO 8628 --- [           main] o.s.t.web.servlet.TestDispatcherServlet  : Completed initialization in 2 ms
2026-08-20T21:23:07.362+05:30  INFO 8628 --- [           main] com.example.audit.AuditSecurityTest      : Started AuditSecurityTest in 3.758 seconds (process running for 90.051)
]]></system-out>
  </testcase>
  <testcase name="writerCanAppend" classname="com.example.audit.AuditSecurityTest" time="3.757">
    <system-out><![CDATA[2026-08-20T21:23:07.658+05:30  INFO 8628 --- [           main] j.LocalContainerEntityManagerFactoryBean : Closing JPA EntityManagerFactory for persistence unit 'default'
2026-08-20T21:23:07.672+05:30  INFO 8628 --- [           main] com.zaxxer.hikari.HikariDataSource       : HikariPool-4 - Shutdown initiated...
2026-08-20T21:23:07.675+05:30  INFO 8628 --- [           main] com.zaxxer.hikari.HikariDataSource       : HikariPool-4 - Shutdown completed.

  .   ____          _            __ _ _
 /\\ / ___'_ __ _ _(_)_ __  __ _ \ \ \ \
( ( )\___ | '_ | '_| | '_ \/ _` | \ \ \ \
 \\/  ___)| |_)| | | | | || (_| |  ) ) ) )
  '  |____| .__|_| |_|_| |_\__, | / / / /
 =========|_|==============|___/=/_/_/_/

 :: Spring Boot ::                (v3.3.5)

2026-08-20T21:23:07.770+05:30  INFO 8628 --- [           main] com.example.audit.AuditSecurityTest      : Starting AuditSecurityTest using Java 21.0.8 with PID 8628 (started by Admin in C:\Users\Admin\git\tamper-evident-audit-log-ai-assisted)
2026-08-20T21:23:07.770+05:30  INFO 8628 --- [           main] com.example.audit.AuditSecurityTest      : No active profile set, falling back to 1 default profile: "default"
2026-08-20T21:23:08.514+05:30  INFO 8628 --- [           main] .s.d.r.c.RepositoryConfigurationDelegate : Bootstrapping Spring Data JPA repositories in DEFAULT mode.
2026-08-20T21:23:08.581+05:30  INFO 8628 --- [           main] .s.d.r.c.RepositoryConfigurationDelegate : Finished Spring Data repository scanning in 66 ms. Found 5 JPA repository interfaces.
2026-08-20T21:23:08.935+05:30  INFO 8628 --- [           main] o.hibernate.jpa.internal.util.LogHelper  : HHH000204: Processing PersistenceUnitInfo [name: default]
2026-08-20T21:23:08.948+05:30  INFO 8628 --- [           main] o.h.c.internal.RegionFactoryInitiator    : HHH000026: Second-level cache disabled
2026-08-20T21:23:08.977+05:30  INFO 8628 --- [           main] o.s.o.j.p.SpringPersistenceUnitInfo      : No LoadTimeWeaver setup: ignoring JPA class transformer
2026-08-20T21:23:08.981+05:30  INFO 8628 --- [           main] com.zaxxer.hikari.HikariDataSource       : HikariPool-5 - Starting...
2026-08-20T21:23:08.983+05:30  INFO 8628 --- [           main] com.zaxxer.hikari.pool.HikariPool        : HikariPool-5 - Added connection conn40: url=jdbc:h2:mem:audit-test user=SA
2026-08-20T21:23:08.985+05:30  INFO 8628 --- [           main] com.zaxxer.hikari.HikariDataSource       : HikariPool-5 - Start completed.
2026-08-20T21:23:09.436+05:30  INFO 8628 --- [           main] o.h.e.t.j.p.i.JtaPlatformInitiator       : HHH000489: No JTA platform available (set 'hibernate.transaction.jta.platform' to enable JTA platform integration)
2026-08-20T21:23:09.479+05:30  INFO 8628 --- [           main] j.LocalContainerEntityManagerFactoryBean : Initialized JPA EntityManagerFactory for persistence unit 'default'
2026-08-20T21:23:09.774+05:30  WARN 8628 --- [           main] c.e.audit.config.SigningKeyStoreConfig   : Using an EPHEMERAL signing key. Signatures produced now will NOT verify after a restart. Set audit.signing.private-key-base64/public-key-base64 (KMS-injected) or audit.signing.store-path for any deployment whose exports must remain verifiable.
2026-08-20T21:23:09.776+05:30  INFO 8628 --- [           main] c.e.audit.config.SigningKeyStoreConfig   : Audit export signing initialised: EPHEMERAL in-memory key store (not durable - test/throwaway use only)
2026-08-20T21:23:09.994+05:30  WARN 8628 --- [           main] JpaBaseConfiguration$JpaWebConfiguration : spring.jpa.open-in-view is enabled by default. Therefore, database queries may be performed during view rendering. Explicitly configure spring.jpa.open-in-view to disable this warning
2026-08-20T21:23:10.419+05:30  INFO 8628 --- [           main] r$InitializeUserDetailsManagerConfigurer : Global AuthenticationManager configured with UserDetailsService bean with name userDetailsService
2026-08-20T21:23:10.991+05:30  INFO 8628 --- [           main] o.s.b.t.m.w.SpringBootMockServletContext : Initializing Spring TestDispatcherServlet ''
2026-08-20T21:23:10.991+05:30  INFO 8628 --- [           main] o.s.t.web.servlet.TestDispatcherServlet  : Initializing Servlet ''
2026-08-20T21:23:10.994+05:30  INFO 8628 --- [           main] o.s.t.web.servlet.TestDispatcherServlet  : Completed initialization in 1 ms
2026-08-20T21:23:11.011+05:30  INFO 8628 --- [           main] com.example.audit.AuditSecurityTest      : Started AuditSecurityTest in 3.331 seconds (process running for 93.7)
]]></system-out>
  </testcase>
  <testcase name="writerCannotVerify" classname="com.example.audit.AuditSecurityTest" time="3.76">
    <system-out><![CDATA[2026-08-20T21:23:11.421+05:30  INFO 8628 --- [           main] j.LocalContainerEntityManagerFactoryBean : Closing JPA EntityManagerFactory for persistence unit 'default'
2026-08-20T21:23:11.431+05:30  INFO 8628 --- [           main] com.zaxxer.hikari.HikariDataSource       : HikariPool-5 - Shutdown initiated...
2026-08-20T21:23:11.434+05:30  INFO 8628 --- [           main] com.zaxxer.hikari.HikariDataSource       : HikariPool-5 - Shutdown completed.

  .   ____          _            __ _ _
 /\\ / ___'_ __ _ _(_)_ __  __ _ \ \ \ \
( ( )\___ | '_ | '_| | '_ \/ _` | \ \ \ \
 \\/  ___)| |_)| | | | | || (_| |  ) ) ) )
  '  |____| .__|_| |_|_| |_\__, | / / / /
 =========|_|==============|___/=/_/_/_/

 :: Spring Boot ::                (v3.3.5)

2026-08-20T21:23:11.542+05:30  INFO 8628 --- [           main] com.example.audit.AuditSecurityTest      : Starting AuditSecurityTest using Java 21.0.8 with PID 8628 (started by Admin in C:\Users\Admin\git\tamper-evident-audit-log-ai-assisted)
2026-08-20T21:23:11.542+05:30  INFO 8628 --- [           main] com.example.audit.AuditSecurityTest      : No active profile set, falling back to 1 default profile: "default"
2026-08-20T21:23:12.392+05:30  INFO 8628 --- [           main] .s.d.r.c.RepositoryConfigurationDelegate : Bootstrapping Spring Data JPA repositories in DEFAULT mode.
2026-08-20T21:23:12.461+05:30  INFO 8628 --- [           main] .s.d.r.c.RepositoryConfigurationDelegate : Finished Spring Data repository scanning in 68 ms. Found 5 JPA repository interfaces.
2026-08-20T21:23:12.977+05:30  INFO 8628 --- [           main] o.hibernate.jpa.internal.util.LogHelper  : HHH000204: Processing PersistenceUnitInfo [name: default]
2026-08-20T21:23:12.985+05:30  INFO 8628 --- [           main] o.h.c.internal.RegionFactoryInitiator    : HHH000026: Second-level cache disabled
2026-08-20T21:23:13.014+05:30  INFO 8628 --- [           main] o.s.o.j.p.SpringPersistenceUnitInfo      : No LoadTimeWeaver setup: ignoring JPA class transformer
2026-08-20T21:23:13.016+05:30  INFO 8628 --- [           main] com.zaxxer.hikari.HikariDataSource       : HikariPool-6 - Starting...
2026-08-20T21:23:13.018+05:30  INFO 8628 --- [           main] com.zaxxer.hikari.pool.HikariPool        : HikariPool-6 - Added connection conn50: url=jdbc:h2:mem:audit-test user=SA
2026-08-20T21:23:13.019+05:30  INFO 8628 --- [           main] com.zaxxer.hikari.HikariDataSource       : HikariPool-6 - Start completed.
2026-08-20T21:23:13.432+05:30  INFO 8628 --- [           main] o.h.e.t.j.p.i.JtaPlatformInitiator       : HHH000489: No JTA platform available (set 'hibernate.transaction.jta.platform' to enable JTA platform integration)
2026-08-20T21:23:13.487+05:30  INFO 8628 --- [           main] j.LocalContainerEntityManagerFactoryBean : Initialized JPA EntityManagerFactory for persistence unit 'default'
2026-08-20T21:23:13.888+05:30  WARN 8628 --- [           main] c.e.audit.config.SigningKeyStoreConfig   : Using an EPHEMERAL signing key. Signatures produced now will NOT verify after a restart. Set audit.signing.private-key-base64/public-key-base64 (KMS-injected) or audit.signing.store-path for any deployment whose exports must remain verifiable.
2026-08-20T21:23:13.888+05:30  INFO 8628 --- [           main] c.e.audit.config.SigningKeyStoreConfig   : Audit export signing initialised: EPHEMERAL in-memory key store (not durable - test/throwaway use only)
2026-08-20T21:23:14.037+05:30  WARN 8628 --- [           main] JpaBaseConfiguration$JpaWebConfiguration : spring.jpa.open-in-view is enabled by default. Therefore, database queries may be performed during view rendering. Explicitly configure spring.jpa.open-in-view to disable this warning
2026-08-20T21:23:14.518+05:30  INFO 8628 --- [           main] r$InitializeUserDetailsManagerConfigurer : Global AuthenticationManager configured with UserDetailsService bean with name userDetailsService
2026-08-20T21:23:14.879+05:30  INFO 8628 --- [           main] o.s.b.t.m.w.SpringBootMockServletContext : Initializing Spring TestDispatcherServlet ''
2026-08-20T21:23:14.880+05:30  INFO 8628 --- [           main] o.s.t.web.servlet.TestDispatcherServlet  : Initializing Servlet ''
2026-08-20T21:23:14.882+05:30  INFO 8628 --- [           main] o.s.t.web.servlet.TestDispatcherServlet  : Completed initialization in 2 ms
2026-08-20T21:23:14.904+05:30  INFO 8628 --- [           main] com.example.audit.AuditSecurityTest      : Started AuditSecurityTest in 3.466 seconds (process running for 97.593)
]]></system-out>
  </testcase>
  <testcase name="appendWithoutCredentialsIsRejected" classname="com.example.audit.AuditSecurityTest" time="3.098">
    <system-out><![CDATA[2026-08-20T21:23:15.183+05:30  INFO 8628 --- [           main] j.LocalContainerEntityManagerFactoryBean : Closing JPA EntityManagerFactory for persistence unit 'default'
2026-08-20T21:23:15.201+05:30  INFO 8628 --- [           main] com.zaxxer.hikari.HikariDataSource       : HikariPool-6 - Shutdown initiated...
2026-08-20T21:23:15.209+05:30  INFO 8628 --- [           main] com.zaxxer.hikari.HikariDataSource       : HikariPool-6 - Shutdown completed.

  .   ____          _            __ _ _
 /\\ / ___'_ __ _ _(_)_ __  __ _ \ \ \ \
( ( )\___ | '_ | '_| | '_ \/ _` | \ \ \ \
 \\/  ___)| |_)| | | | | || (_| |  ) ) ) )
  '  |____| .__|_| |_|_| |_\__, | / / / /
 =========|_|==============|___/=/_/_/_/

 :: Spring Boot ::                (v3.3.5)

2026-08-20T21:23:15.340+05:30  INFO 8628 --- [           main] com.example.audit.AuditSecurityTest      : Starting AuditSecurityTest using Java 21.0.8 with PID 8628 (started by Admin in C:\Users\Admin\git\tamper-evident-audit-log-ai-assisted)
2026-08-20T21:23:15.341+05:30  INFO 8628 --- [           main] com.example.audit.AuditSecurityTest      : No active profile set, falling back to 1 default profile: "default"
2026-08-20T21:23:16.218+05:30  INFO 8628 --- [           main] .s.d.r.c.RepositoryConfigurationDelegate : Bootstrapping Spring Data JPA repositories in DEFAULT mode.
2026-08-20T21:23:16.260+05:30  INFO 8628 --- [           main] .s.d.r.c.RepositoryConfigurationDelegate : Finished Spring Data repository scanning in 41 ms. Found 5 JPA repository interfaces.
2026-08-20T21:23:16.477+05:30  INFO 8628 --- [           main] o.hibernate.jpa.internal.util.LogHelper  : HHH000204: Processing PersistenceUnitInfo [name: default]
2026-08-20T21:23:16.490+05:30  INFO 8628 --- [           main] o.h.c.internal.RegionFactoryInitiator    : HHH000026: Second-level cache disabled
2026-08-20T21:23:16.533+05:30  INFO 8628 --- [           main] o.s.o.j.p.SpringPersistenceUnitInfo      : No LoadTimeWeaver setup: ignoring JPA class transformer
2026-08-20T21:23:16.536+05:30  INFO 8628 --- [           main] com.zaxxer.hikari.HikariDataSource       : HikariPool-7 - Starting...
2026-08-20T21:23:16.539+05:30  INFO 8628 --- [           main] com.zaxxer.hikari.pool.HikariPool        : HikariPool-7 - Added connection conn60: url=jdbc:h2:mem:audit-test user=SA
2026-08-20T21:23:16.540+05:30  INFO 8628 --- [           main] com.zaxxer.hikari.HikariDataSource       : HikariPool-7 - Start completed.
2026-08-20T21:23:16.865+05:30  INFO 8628 --- [           main] o.h.e.t.j.p.i.JtaPlatformInitiator       : HHH000489: No JTA platform available (set 'hibernate.transaction.jta.platform' to enable JTA platform integration)
2026-08-20T21:23:16.909+05:30  INFO 8628 --- [           main] j.LocalContainerEntityManagerFactoryBean : Initialized JPA EntityManagerFactory for persistence unit 'default'
2026-08-20T21:23:17.163+05:30  WARN 8628 --- [           main] c.e.audit.config.SigningKeyStoreConfig   : Using an EPHEMERAL signing key. Signatures produced now will NOT verify after a restart. Set audit.signing.private-key-base64/public-key-base64 (KMS-injected) or audit.signing.store-path for any deployment whose exports must remain verifiable.
2026-08-20T21:23:17.164+05:30  INFO 8628 --- [           main] c.e.audit.config.SigningKeyStoreConfig   : Audit export signing initialised: EPHEMERAL in-memory key store (not durable - test/throwaway use only)
2026-08-20T21:23:17.318+05:30  WARN 8628 --- [           main] JpaBaseConfiguration$JpaWebConfiguration : spring.jpa.open-in-view is enabled by default. Therefore, database queries may be performed during view rendering. Explicitly configure spring.jpa.open-in-view to disable this warning
2026-08-20T21:23:17.819+05:30  INFO 8628 --- [           main] r$InitializeUserDetailsManagerConfigurer : Global AuthenticationManager configured with UserDetailsService bean with name userDetailsService
2026-08-20T21:23:18.222+05:30  INFO 8628 --- [           main] o.s.b.t.m.w.SpringBootMockServletContext : Initializing Spring TestDispatcherServlet ''
2026-08-20T21:23:18.223+05:30  INFO 8628 --- [           main] o.s.t.web.servlet.TestDispatcherServlet  : Initializing Servlet ''
2026-08-20T21:23:18.225+05:30  INFO 8628 --- [           main] o.s.t.web.servlet.TestDispatcherServlet  : Completed initialization in 2 ms
2026-08-20T21:23:18.252+05:30  INFO 8628 --- [           main] com.example.audit.AuditSecurityTest      : Started AuditSecurityTest in 3.039 seconds (process running for 100.941)
]]></system-out>
  </testcase>
  <testcase name="apiDocsAreAccessibleWithoutCredentials" classname="com.example.audit.AuditSecurityTest" time="5.946">
    <system-out><![CDATA[2026-08-20T21:23:18.288+05:30  INFO 8628 --- [           main] j.LocalContainerEntityManagerFactoryBean : Closing JPA EntityManagerFactory for persistence unit 'default'
2026-08-20T21:23:18.295+05:30  INFO 8628 --- [           main] com.zaxxer.hikari.HikariDataSource       : HikariPool-7 - Shutdown initiated...
2026-08-20T21:23:18.305+05:30  INFO 8628 --- [           main] com.zaxxer.hikari.HikariDataSource       : HikariPool-7 - Shutdown completed.

  .   ____          _            __ _ _
 /\\ / ___'_ __ _ _(_)_ __  __ _ \ \ \ \
( ( )\___ | '_ | '_| | '_ \/ _` | \ \ \ \
 \\/  ___)| |_)| | | | | || (_| |  ) ) ) )
  '  |____| .__|_| |_|_| |_\__, | / / / /
 =========|_|==============|___/=/_/_/_/

 :: Spring Boot ::                (v3.3.5)

2026-08-20T21:23:18.385+05:30  INFO 8628 --- [           main] com.example.audit.AuditSecurityTest      : Starting AuditSecurityTest using Java 21.0.8 with PID 8628 (started by Admin in C:\Users\Admin\git\tamper-evident-audit-log-ai-assisted)
2026-08-20T21:23:18.386+05:30  INFO 8628 --- [           main] com.example.audit.AuditSecurityTest      : No active profile set, falling back to 1 default profile: "default"
2026-08-20T21:23:19.154+05:30  INFO 8628 --- [           main] .s.d.r.c.RepositoryConfigurationDelegate : Bootstrapping Spring Data JPA repositories in DEFAULT mode.
2026-08-20T21:23:19.201+05:30  INFO 8628 --- [           main] .s.d.r.c.RepositoryConfigurationDelegate : Finished Spring Data repository scanning in 45 ms. Found 5 JPA repository interfaces.
2026-08-20T21:23:19.514+05:30  INFO 8628 --- [           main] o.hibernate.jpa.internal.util.LogHelper  : HHH000204: Processing PersistenceUnitInfo [name: default]
2026-08-20T21:23:19.523+05:30  INFO 8628 --- [           main] o.h.c.internal.RegionFactoryInitiator    : HHH000026: Second-level cache disabled
2026-08-20T21:23:19.545+05:30  INFO 8628 --- [           main] o.s.o.j.p.SpringPersistenceUnitInfo      : No LoadTimeWeaver setup: ignoring JPA class transformer
2026-08-20T21:23:19.549+05:30  INFO 8628 --- [           main] com.zaxxer.hikari.HikariDataSource       : HikariPool-8 - Starting...
2026-08-20T21:23:19.554+05:30  INFO 8628 --- [           main] com.zaxxer.hikari.pool.HikariPool        : HikariPool-8 - Added connection conn70: url=jdbc:h2:mem:audit-test user=SA
2026-08-20T21:23:19.555+05:30  INFO 8628 --- [           main] com.zaxxer.hikari.HikariDataSource       : HikariPool-8 - Start completed.
2026-08-20T21:23:19.911+05:30  INFO 8628 --- [           main] o.h.e.t.j.p.i.JtaPlatformInitiator       : HHH000489: No JTA platform available (set 'hibernate.transaction.jta.platform' to enable JTA platform integration)
2026-08-20T21:23:19.985+05:30  INFO 8628 --- [           main] j.LocalContainerEntityManagerFactoryBean : Initialized JPA EntityManagerFactory for persistence unit 'default'
2026-08-20T21:23:20.584+05:30  WARN 8628 --- [           main] c.e.audit.config.SigningKeyStoreConfig   : Using an EPHEMERAL signing key. Signatures produced now will NOT verify after a restart. Set audit.signing.private-key-base64/public-key-base64 (KMS-injected) or audit.signing.store-path for any deployment whose exports must remain verifiable.
2026-08-20T21:23:20.584+05:30  INFO 8628 --- [           main] c.e.audit.config.SigningKeyStoreConfig   : Audit export signing initialised: EPHEMERAL in-memory key store (not durable - test/throwaway use only)
2026-08-20T21:23:20.723+05:30  WARN 8628 --- [           main] JpaBaseConfiguration$JpaWebConfiguration : spring.jpa.open-in-view is enabled by default. Therefore, database queries may be performed during view rendering. Explicitly configure spring.jpa.open-in-view to disable this warning
2026-08-20T21:23:21.117+05:30  INFO 8628 --- [           main] r$InitializeUserDetailsManagerConfigurer : Global AuthenticationManager configured with UserDetailsService bean with name userDetailsService
2026-08-20T21:23:21.790+05:30  INFO 8628 --- [           main] o.s.b.t.m.w.SpringBootMockServletContext : Initializing Spring TestDispatcherServlet ''
2026-08-20T21:23:21.791+05:30  INFO 8628 --- [           main] o.s.t.web.servlet.TestDispatcherServlet  : Initializing Servlet ''
2026-08-20T21:23:21.794+05:30  INFO 8628 --- [           main] o.s.t.web.servlet.TestDispatcherServlet  : Completed initialization in 3 ms
2026-08-20T21:23:21.820+05:30  INFO 8628 --- [           main] com.example.audit.AuditSecurityTest      : Started AuditSecurityTest in 3.512 seconds (process running for 104.509)
2026-08-20T21:23:24.100+05:30  INFO 8628 --- [           main] o.springdoc.api.AbstractOpenApiResource  : Init duration for springdoc-openapi is: 2245 ms
]]></system-out>
  </testcase>
  <testcase name="readerCannotAppend" classname="com.example.audit.AuditSecurityTest" time="4.901">
    <system-out><![CDATA[2026-08-20T21:23:24.267+05:30  INFO 8628 --- [           main] j.LocalContainerEntityManagerFactoryBean : Closing JPA EntityManagerFactory for persistence unit 'default'
2026-08-20T21:23:24.295+05:30  INFO 8628 --- [           main] com.zaxxer.hikari.HikariDataSource       : HikariPool-8 - Shutdown initiated...
2026-08-20T21:23:24.298+05:30  INFO 8628 --- [           main] com.zaxxer.hikari.HikariDataSource       : HikariPool-8 - Shutdown completed.

  .   ____          _            __ _ _
 /\\ / ___'_ __ _ _(_)_ __  __ _ \ \ \ \
( ( )\___ | '_ | '_| | '_ \/ _` | \ \ \ \
 \\/  ___)| |_)| | | | | || (_| |  ) ) ) )
  '  |____| .__|_| |_|_| |_\__, | / / / /
 =========|_|==============|___/=/_/_/_/

 :: Spring Boot ::                (v3.3.5)

2026-08-20T21:23:24.376+05:30  INFO 8628 --- [           main] com.example.audit.AuditSecurityTest      : Starting AuditSecurityTest using Java 21.0.8 with PID 8628 (started by Admin in C:\Users\Admin\git\tamper-evident-audit-log-ai-assisted)
2026-08-20T21:23:24.377+05:30  INFO 8628 --- [           main] com.example.audit.AuditSecurityTest      : No active profile set, falling back to 1 default profile: "default"
2026-08-20T21:23:25.271+05:30  INFO 8628 --- [           main] .s.d.r.c.RepositoryConfigurationDelegate : Bootstrapping Spring Data JPA repositories in DEFAULT mode.
2026-08-20T21:23:25.360+05:30  INFO 8628 --- [           main] .s.d.r.c.RepositoryConfigurationDelegate : Finished Spring Data repository scanning in 88 ms. Found 5 JPA repository interfaces.
2026-08-20T21:23:25.800+05:30  INFO 8628 --- [           main] o.hibernate.jpa.internal.util.LogHelper  : HHH000204: Processing PersistenceUnitInfo [name: default]
2026-08-20T21:23:25.812+05:30  INFO 8628 --- [           main] o.h.c.internal.RegionFactoryInitiator    : HHH000026: Second-level cache disabled
2026-08-20T21:23:25.853+05:30  INFO 8628 --- [           main] o.s.o.j.p.SpringPersistenceUnitInfo      : No LoadTimeWeaver setup: ignoring JPA class transformer
2026-08-20T21:23:25.872+05:30  INFO 8628 --- [           main] com.zaxxer.hikari.HikariDataSource       : HikariPool-9 - Starting...
2026-08-20T21:23:25.888+05:30  INFO 8628 --- [           main] com.zaxxer.hikari.pool.HikariPool        : HikariPool-9 - Added connection conn80: url=jdbc:h2:mem:audit-test user=SA
2026-08-20T21:23:25.889+05:30  INFO 8628 --- [           main] com.zaxxer.hikari.HikariDataSource       : HikariPool-9 - Start completed.
2026-08-20T21:23:26.920+05:30  INFO 8628 --- [           main] o.h.e.t.j.p.i.JtaPlatformInitiator       : HHH000489: No JTA platform available (set 'hibernate.transaction.jta.platform' to enable JTA platform integration)
2026-08-20T21:23:26.945+05:30  INFO 8628 --- [           main] j.LocalContainerEntityManagerFactoryBean : Initialized JPA EntityManagerFactory for persistence unit 'default'
2026-08-20T21:23:27.545+05:30  WARN 8628 --- [           main] c.e.audit.config.SigningKeyStoreConfig   : Using an EPHEMERAL signing key. Signatures produced now will NOT verify after a restart. Set audit.signing.private-key-base64/public-key-base64 (KMS-injected) or audit.signing.store-path for any deployment whose exports must remain verifiable.
2026-08-20T21:23:27.550+05:30  INFO 8628 --- [           main] c.e.audit.config.SigningKeyStoreConfig   : Audit export signing initialised: EPHEMERAL in-memory key store (not durable - test/throwaway use only)
2026-08-20T21:23:27.889+05:30  WARN 8628 --- [           main] JpaBaseConfiguration$JpaWebConfiguration : spring.jpa.open-in-view is enabled by default. Therefore, database queries may be performed during view rendering. Explicitly configure spring.jpa.open-in-view to disable this warning
2026-08-20T21:23:28.290+05:30  INFO 8628 --- [           main] r$InitializeUserDetailsManagerConfigurer : Global AuthenticationManager configured with UserDetailsService bean with name userDetailsService
2026-08-20T21:23:28.711+05:30  INFO 8628 --- [           main] o.s.b.t.m.w.SpringBootMockServletContext : Initializing Spring TestDispatcherServlet ''
2026-08-20T21:23:28.712+05:30  INFO 8628 --- [           main] o.s.t.web.servlet.TestDispatcherServlet  : Initializing Servlet ''
2026-08-20T21:23:28.722+05:30  INFO 8628 --- [           main] o.s.t.web.servlet.TestDispatcherServlet  : Completed initialization in 7 ms
2026-08-20T21:23:28.845+05:30  INFO 8628 --- [           main] com.example.audit.AuditSecurityTest      : Started AuditSecurityTest in 4.543 seconds (process running for 111.534)
]]></system-out>
  </testcase>
  <testcase name="readerCannotExport" classname="com.example.audit.AuditSecurityTest" time="3.157">
    <system-out><![CDATA[2026-08-20T21:23:29.154+05:30  INFO 8628 --- [           main] j.LocalContainerEntityManagerFactoryBean : Closing JPA EntityManagerFactory for persistence unit 'default'
2026-08-20T21:23:29.178+05:30  INFO 8628 --- [           main] com.zaxxer.hikari.HikariDataSource       : HikariPool-9 - Shutdown initiated...
2026-08-20T21:23:29.181+05:30  INFO 8628 --- [           main] com.zaxxer.hikari.HikariDataSource       : HikariPool-9 - Shutdown completed.

  .   ____          _            __ _ _
 /\\ / ___'_ __ _ _(_)_ __  __ _ \ \ \ \
( ( )\___ | '_ | '_| | '_ \/ _` | \ \ \ \
 \\/  ___)| |_)| | | | | || (_| |  ) ) ) )
  '  |____| .__|_| |_|_| |_\__, | / / / /
 =========|_|==============|___/=/_/_/_/

 :: Spring Boot ::                (v3.3.5)

2026-08-20T21:23:29.306+05:30  INFO 8628 --- [           main] com.example.audit.AuditSecurityTest      : Starting AuditSecurityTest using Java 21.0.8 with PID 8628 (started by Admin in C:\Users\Admin\git\tamper-evident-audit-log-ai-assisted)
2026-08-20T21:23:29.307+05:30  INFO 8628 --- [           main] com.example.audit.AuditSecurityTest      : No active profile set, falling back to 1 default profile: "default"
2026-08-20T21:23:29.942+05:30  INFO 8628 --- [           main] .s.d.r.c.RepositoryConfigurationDelegate : Bootstrapping Spring Data JPA repositories in DEFAULT mode.
2026-08-20T21:23:29.992+05:30  INFO 8628 --- [           main] .s.d.r.c.RepositoryConfigurationDelegate : Finished Spring Data repository scanning in 49 ms. Found 5 JPA repository interfaces.
2026-08-20T21:23:30.270+05:30  INFO 8628 --- [           main] o.hibernate.jpa.internal.util.LogHelper  : HHH000204: Processing PersistenceUnitInfo [name: default]
2026-08-20T21:23:30.299+05:30  INFO 8628 --- [           main] o.h.c.internal.RegionFactoryInitiator    : HHH000026: Second-level cache disabled
2026-08-20T21:23:30.345+05:30  INFO 8628 --- [           main] o.s.o.j.p.SpringPersistenceUnitInfo      : No LoadTimeWeaver setup: ignoring JPA class transformer
2026-08-20T21:23:30.350+05:30  INFO 8628 --- [           main] com.zaxxer.hikari.HikariDataSource       : HikariPool-10 - Starting...
2026-08-20T21:23:30.353+05:30  INFO 8628 --- [           main] com.zaxxer.hikari.pool.HikariPool        : HikariPool-10 - Added connection conn90: url=jdbc:h2:mem:audit-test user=SA
2026-08-20T21:23:30.353+05:30  INFO 8628 --- [           main] com.zaxxer.hikari.HikariDataSource       : HikariPool-10 - Start completed.
2026-08-20T21:23:30.755+05:30  INFO 8628 --- [           main] o.h.e.t.j.p.i.JtaPlatformInitiator       : HHH000489: No JTA platform available (set 'hibernate.transaction.jta.platform' to enable JTA platform integration)
2026-08-20T21:23:30.784+05:30  INFO 8628 --- [           main] j.LocalContainerEntityManagerFactoryBean : Initialized JPA EntityManagerFactory for persistence unit 'default'
2026-08-20T21:23:31.129+05:30  WARN 8628 --- [           main] c.e.audit.config.SigningKeyStoreConfig   : Using an EPHEMERAL signing key. Signatures produced now will NOT verify after a restart. Set audit.signing.private-key-base64/public-key-base64 (KMS-injected) or audit.signing.store-path for any deployment whose exports must remain verifiable.
2026-08-20T21:23:31.130+05:30  INFO 8628 --- [           main] c.e.audit.config.SigningKeyStoreConfig   : Audit export signing initialised: EPHEMERAL in-memory key store (not durable - test/throwaway use only)
2026-08-20T21:23:31.273+05:30  WARN 8628 --- [           main] JpaBaseConfiguration$JpaWebConfiguration : spring.jpa.open-in-view is enabled by default. Therefore, database queries may be performed during view rendering. Explicitly configure spring.jpa.open-in-view to disable this warning
2026-08-20T21:23:31.668+05:30  INFO 8628 --- [           main] r$InitializeUserDetailsManagerConfigurer : Global AuthenticationManager configured with UserDetailsService bean with name userDetailsService
2026-08-20T21:23:31.996+05:30  INFO 8628 --- [           main] o.s.b.t.m.w.SpringBootMockServletContext : Initializing Spring TestDispatcherServlet ''
2026-08-20T21:23:31.997+05:30  INFO 8628 --- [           main] o.s.t.web.servlet.TestDispatcherServlet  : Initializing Servlet ''
2026-08-20T21:23:31.999+05:30  INFO 8628 --- [           main] o.s.t.web.servlet.TestDispatcherServlet  : Completed initialization in 2 ms
2026-08-20T21:23:32.018+05:30  INFO 8628 --- [           main] com.example.audit.AuditSecurityTest      : Started AuditSecurityTest in 2.834 seconds (process running for 114.707)
]]></system-out>
  </testcase>
  <testcase name="swaggerUiIsAccessibleWithoutCredentials" classname="com.example.audit.AuditSecurityTest" time="2.679">
    <system-out><![CDATA[2026-08-20T21:23:32.305+05:30  INFO 8628 --- [           main] j.LocalContainerEntityManagerFactoryBean : Closing JPA EntityManagerFactory for persistence unit 'default'
2026-08-20T21:23:32.313+05:30  INFO 8628 --- [           main] com.zaxxer.hikari.HikariDataSource       : HikariPool-10 - Shutdown initiated...
2026-08-20T21:23:32.318+05:30  INFO 8628 --- [           main] com.zaxxer.hikari.HikariDataSource       : HikariPool-10 - Shutdown completed.

  .   ____          _            __ _ _
 /\\ / ___'_ __ _ _(_)_ __  __ _ \ \ \ \
( ( )\___ | '_ | '_| | '_ \/ _` | \ \ \ \
 \\/  ___)| |_)| | | | | || (_| |  ) ) ) )
  '  |____| .__|_| |_|_| |_\__, | / / / /
 =========|_|==============|___/=/_/_/_/

 :: Spring Boot ::                (v3.3.5)

2026-08-20T21:23:32.405+05:30  INFO 8628 --- [           main] com.example.audit.AuditSecurityTest      : Starting AuditSecurityTest using Java 21.0.8 with PID 8628 (started by Admin in C:\Users\Admin\git\tamper-evident-audit-log-ai-assisted)
2026-08-20T21:23:32.406+05:30  INFO 8628 --- [           main] com.example.audit.AuditSecurityTest      : No active profile set, falling back to 1 default profile: "default"
2026-08-20T21:23:33.052+05:30  INFO 8628 --- [           main] .s.d.r.c.RepositoryConfigurationDelegate : Bootstrapping Spring Data JPA repositories in DEFAULT mode.
2026-08-20T21:23:33.107+05:30  INFO 8628 --- [           main] .s.d.r.c.RepositoryConfigurationDelegate : Finished Spring Data repository scanning in 54 ms. Found 5 JPA repository interfaces.
2026-08-20T21:23:33.320+05:30  INFO 8628 --- [           main] o.hibernate.jpa.internal.util.LogHelper  : HHH000204: Processing PersistenceUnitInfo [name: default]
2026-08-20T21:23:33.329+05:30  INFO 8628 --- [           main] o.h.c.internal.RegionFactoryInitiator    : HHH000026: Second-level cache disabled
2026-08-20T21:23:33.357+05:30  INFO 8628 --- [           main] o.s.o.j.p.SpringPersistenceUnitInfo      : No LoadTimeWeaver setup: ignoring JPA class transformer
2026-08-20T21:23:33.360+05:30  INFO 8628 --- [           main] com.zaxxer.hikari.HikariDataSource       : HikariPool-11 - Starting...
2026-08-20T21:23:33.362+05:30  INFO 8628 --- [           main] com.zaxxer.hikari.pool.HikariPool        : HikariPool-11 - Added connection conn100: url=jdbc:h2:mem:audit-test user=SA
2026-08-20T21:23:33.363+05:30  INFO 8628 --- [           main] com.zaxxer.hikari.HikariDataSource       : HikariPool-11 - Start completed.
2026-08-20T21:23:33.758+05:30  INFO 8628 --- [           main] o.h.e.t.j.p.i.JtaPlatformInitiator       : HHH000489: No JTA platform available (set 'hibernate.transaction.jta.platform' to enable JTA platform integration)
2026-08-20T21:23:33.786+05:30  INFO 8628 --- [           main] j.LocalContainerEntityManagerFactoryBean : Initialized JPA EntityManagerFactory for persistence unit 'default'
2026-08-20T21:23:34.000+05:30  WARN 8628 --- [           main] c.e.audit.config.SigningKeyStoreConfig   : Using an EPHEMERAL signing key. Signatures produced now will NOT verify after a restart. Set audit.signing.private-key-base64/public-key-base64 (KMS-injected) or audit.signing.store-path for any deployment whose exports must remain verifiable.
2026-08-20T21:23:34.001+05:30  INFO 8628 --- [           main] c.e.audit.config.SigningKeyStoreConfig   : Audit export signing initialised: EPHEMERAL in-memory key store (not durable - test/throwaway use only)
2026-08-20T21:23:34.128+05:30  WARN 8628 --- [           main] JpaBaseConfiguration$JpaWebConfiguration : spring.jpa.open-in-view is enabled by default. Therefore, database queries may be performed during view rendering. Explicitly configure spring.jpa.open-in-view to disable this warning
2026-08-20T21:23:34.566+05:30  INFO 8628 --- [           main] r$InitializeUserDetailsManagerConfigurer : Global AuthenticationManager configured with UserDetailsService bean with name userDetailsService
2026-08-20T21:23:34.896+05:30  INFO 8628 --- [           main] o.s.b.t.m.w.SpringBootMockServletContext : Initializing Spring TestDispatcherServlet ''
2026-08-20T21:23:34.896+05:30  INFO 8628 --- [           main] o.s.t.web.servlet.TestDispatcherServlet  : Initializing Servlet ''
2026-08-20T21:23:34.898+05:30  INFO 8628 --- [           main] o.s.t.web.servlet.TestDispatcherServlet  : Completed initialization in 1 ms
2026-08-20T21:23:34.914+05:30  INFO 8628 --- [           main] com.example.audit.AuditSecurityTest      : Started AuditSecurityTest in 2.593 seconds (process running for 117.603)
]]></system-out>
  </testcase>
  <testcase name="exportWithoutCredentialsIsRejected" classname="com.example.audit.AuditSecurityTest" time="2.53">
    <system-out><![CDATA[2026-08-20T21:23:34.988+05:30  INFO 8628 --- [           main] j.LocalContainerEntityManagerFactoryBean : Closing JPA EntityManagerFactory for persistence unit 'default'
2026-08-20T21:23:34.995+05:30  INFO 8628 --- [           main] com.zaxxer.hikari.HikariDataSource       : HikariPool-11 - Shutdown initiated...
2026-08-20T21:23:35.002+05:30  INFO 8628 --- [           main] com.zaxxer.hikari.HikariDataSource       : HikariPool-11 - Shutdown completed.

  .   ____          _            __ _ _
 /\\ / ___'_ __ _ _(_)_ __  __ _ \ \ \ \
( ( )\___ | '_ | '_| | '_ \/ _` | \ \ \ \
 \\/  ___)| |_)| | | | | || (_| |  ) ) ) )
  '  |____| .__|_| |_|_| |_\__, | / / / /
 =========|_|==============|___/=/_/_/_/

 :: Spring Boot ::                (v3.3.5)

2026-08-20T21:23:35.063+05:30  INFO 8628 --- [           main] com.example.audit.AuditSecurityTest      : Starting AuditSecurityTest using Java 21.0.8 with PID 8628 (started by Admin in C:\Users\Admin\git\tamper-evident-audit-log-ai-assisted)
2026-08-20T21:23:35.064+05:30  INFO 8628 --- [           main] com.example.audit.AuditSecurityTest      : No active profile set, falling back to 1 default profile: "default"
2026-08-20T21:23:35.608+05:30  INFO 8628 --- [           main] .s.d.r.c.RepositoryConfigurationDelegate : Bootstrapping Spring Data JPA repositories in DEFAULT mode.
2026-08-20T21:23:35.654+05:30  INFO 8628 --- [           main] .s.d.r.c.RepositoryConfigurationDelegate : Finished Spring Data repository scanning in 45 ms. Found 5 JPA repository interfaces.
2026-08-20T21:23:35.853+05:30  INFO 8628 --- [           main] o.hibernate.jpa.internal.util.LogHelper  : HHH000204: Processing PersistenceUnitInfo [name: default]
2026-08-20T21:23:35.864+05:30  INFO 8628 --- [           main] o.h.c.internal.RegionFactoryInitiator    : HHH000026: Second-level cache disabled
2026-08-20T21:23:35.900+05:30  INFO 8628 --- [           main] o.s.o.j.p.SpringPersistenceUnitInfo      : No LoadTimeWeaver setup: ignoring JPA class transformer
2026-08-20T21:23:35.903+05:30  INFO 8628 --- [           main] com.zaxxer.hikari.HikariDataSource       : HikariPool-12 - Starting...
2026-08-20T21:23:35.907+05:30  INFO 8628 --- [           main] com.zaxxer.hikari.pool.HikariPool        : HikariPool-12 - Added connection conn110: url=jdbc:h2:mem:audit-test user=SA
2026-08-20T21:23:35.907+05:30  INFO 8628 --- [           main] com.zaxxer.hikari.HikariDataSource       : HikariPool-12 - Start completed.
2026-08-20T21:23:36.292+05:30  INFO 8628 --- [           main] o.h.e.t.j.p.i.JtaPlatformInitiator       : HHH000489: No JTA platform available (set 'hibernate.transaction.jta.platform' to enable JTA platform integration)
2026-08-20T21:23:36.311+05:30  INFO 8628 --- [           main] j.LocalContainerEntityManagerFactoryBean : Initialized JPA EntityManagerFactory for persistence unit 'default'
2026-08-20T21:23:36.502+05:30  WARN 8628 --- [           main] c.e.audit.config.SigningKeyStoreConfig   : Using an EPHEMERAL signing key. Signatures produced now will NOT verify after a restart. Set audit.signing.private-key-base64/public-key-base64 (KMS-injected) or audit.signing.store-path for any deployment whose exports must remain verifiable.
2026-08-20T21:23:36.502+05:30  INFO 8628 --- [           main] c.e.audit.config.SigningKeyStoreConfig   : Audit export signing initialised: EPHEMERAL in-memory key store (not durable - test/throwaway use only)
2026-08-20T21:23:36.589+05:30  WARN 8628 --- [           main] JpaBaseConfiguration$JpaWebConfiguration : spring.jpa.open-in-view is enabled by default. Therefore, database queries may be performed during view rendering. Explicitly configure spring.jpa.open-in-view to disable this warning
2026-08-20T21:23:37.092+05:30  INFO 8628 --- [           main] r$InitializeUserDetailsManagerConfigurer : Global AuthenticationManager configured with UserDetailsService bean with name userDetailsService
2026-08-20T21:23:37.472+05:30  INFO 8628 --- [           main] o.s.b.t.m.w.SpringBootMockServletContext : Initializing Spring TestDispatcherServlet ''
2026-08-20T21:23:37.473+05:30  INFO 8628 --- [           main] o.s.t.web.servlet.TestDispatcherServlet  : Initializing Servlet ''
2026-08-20T21:23:37.475+05:30  INFO 8628 --- [           main] o.s.t.web.servlet.TestDispatcherServlet  : Completed initialization in 2 ms
2026-08-20T21:23:37.496+05:30  INFO 8628 --- [           main] com.example.audit.AuditSecurityTest      : Started AuditSecurityTest in 2.491 seconds (process running for 120.185)
]]></system-out>
  </testcase>
  <testcase name="readerCannotRedact" classname="com.example.audit.AuditSecurityTest" time="3.346">
    <system-out><![CDATA[2026-08-20T21:23:37.528+05:30  INFO 8628 --- [           main] j.LocalContainerEntityManagerFactoryBean : Closing JPA EntityManagerFactory for persistence unit 'default'
2026-08-20T21:23:37.537+05:30  INFO 8628 --- [           main] com.zaxxer.hikari.HikariDataSource       : HikariPool-12 - Shutdown initiated...
2026-08-20T21:23:37.546+05:30  INFO 8628 --- [           main] com.zaxxer.hikari.HikariDataSource       : HikariPool-12 - Shutdown completed.

  .   ____          _            __ _ _
 /\\ / ___'_ __ _ _(_)_ __  __ _ \ \ \ \
( ( )\___ | '_ | '_| | '_ \/ _` | \ \ \ \
 \\/  ___)| |_)| | | | | || (_| |  ) ) ) )
  '  |____| .__|_| |_|_| |_\__, | / / / /
 =========|_|==============|___/=/_/_/_/

 :: Spring Boot ::                (v3.3.5)

2026-08-20T21:23:37.602+05:30  INFO 8628 --- [           main] com.example.audit.AuditSecurityTest      : Starting AuditSecurityTest using Java 21.0.8 with PID 8628 (started by Admin in C:\Users\Admin\git\tamper-evident-audit-log-ai-assisted)
2026-08-20T21:23:37.602+05:30  INFO 8628 --- [           main] com.example.audit.AuditSecurityTest      : No active profile set, falling back to 1 default profile: "default"
2026-08-20T21:23:38.599+05:30  INFO 8628 --- [           main] .s.d.r.c.RepositoryConfigurationDelegate : Bootstrapping Spring Data JPA repositories in DEFAULT mode.
2026-08-20T21:23:38.636+05:30  INFO 8628 --- [           main] .s.d.r.c.RepositoryConfigurationDelegate : Finished Spring Data repository scanning in 36 ms. Found 5 JPA repository interfaces.
2026-08-20T21:23:38.873+05:30  INFO 8628 --- [           main] o.hibernate.jpa.internal.util.LogHelper  : HHH000204: Processing PersistenceUnitInfo [name: default]
2026-08-20T21:23:38.888+05:30  INFO 8628 --- [           main] o.h.c.internal.RegionFactoryInitiator    : HHH000026: Second-level cache disabled
2026-08-20T21:23:38.974+05:30  INFO 8628 --- [           main] o.s.o.j.p.SpringPersistenceUnitInfo      : No LoadTimeWeaver setup: ignoring JPA class transformer
2026-08-20T21:23:38.976+05:30  INFO 8628 --- [           main] com.zaxxer.hikari.HikariDataSource       : HikariPool-13 - Starting...
2026-08-20T21:23:38.979+05:30  INFO 8628 --- [           main] com.zaxxer.hikari.pool.HikariPool        : HikariPool-13 - Added connection conn120: url=jdbc:h2:mem:audit-test user=SA
2026-08-20T21:23:38.979+05:30  INFO 8628 --- [           main] com.zaxxer.hikari.HikariDataSource       : HikariPool-13 - Start completed.
2026-08-20T21:23:39.378+05:30  INFO 8628 --- [           main] o.h.e.t.j.p.i.JtaPlatformInitiator       : HHH000489: No JTA platform available (set 'hibernate.transaction.jta.platform' to enable JTA platform integration)
2026-08-20T21:23:39.408+05:30  INFO 8628 --- [           main] j.LocalContainerEntityManagerFactoryBean : Initialized JPA EntityManagerFactory for persistence unit 'default'
2026-08-20T21:23:39.715+05:30  WARN 8628 --- [           main] c.e.audit.config.SigningKeyStoreConfig   : Using an EPHEMERAL signing key. Signatures produced now will NOT verify after a restart. Set audit.signing.private-key-base64/public-key-base64 (KMS-injected) or audit.signing.store-path for any deployment whose exports must remain verifiable.
2026-08-20T21:23:39.715+05:30  INFO 8628 --- [           main] c.e.audit.config.SigningKeyStoreConfig   : Audit export signing initialised: EPHEMERAL in-memory key store (not durable - test/throwaway use only)
2026-08-20T21:23:39.828+05:30  WARN 8628 --- [           main] JpaBaseConfiguration$JpaWebConfiguration : spring.jpa.open-in-view is enabled by default. Therefore, database queries may be performed during view rendering. Explicitly configure spring.jpa.open-in-view to disable this warning
2026-08-20T21:23:40.255+05:30  INFO 8628 --- [           main] r$InitializeUserDetailsManagerConfigurer : Global AuthenticationManager configured with UserDetailsService bean with name userDetailsService
2026-08-20T21:23:40.583+05:30  INFO 8628 --- [           main] o.s.b.t.m.w.SpringBootMockServletContext : Initializing Spring TestDispatcherServlet ''
2026-08-20T21:23:40.583+05:30  INFO 8628 --- [           main] o.s.t.web.servlet.TestDispatcherServlet  : Initializing Servlet ''
2026-08-20T21:23:40.585+05:30  INFO 8628 --- [           main] o.s.t.web.servlet.TestDispatcherServlet  : Completed initialization in 2 ms
2026-08-20T21:23:40.600+05:30  INFO 8628 --- [           main] com.example.audit.AuditSecurityTest      : Started AuditSecurityTest in 3.05 seconds (process running for 123.289)
]]></system-out>
  </testcase>
  <testcase name="verifyWithoutCredentialsIsRejected" classname="com.example.audit.AuditSecurityTest" time="2.299">
    <system-out><![CDATA[2026-08-20T21:23:40.873+05:30  INFO 8628 --- [           main] j.LocalContainerEntityManagerFactoryBean : Closing JPA EntityManagerFactory for persistence unit 'default'
2026-08-20T21:23:40.883+05:30  INFO 8628 --- [           main] com.zaxxer.hikari.HikariDataSource       : HikariPool-13 - Shutdown initiated...
2026-08-20T21:23:40.885+05:30  INFO 8628 --- [           main] com.zaxxer.hikari.HikariDataSource       : HikariPool-13 - Shutdown completed.

  .   ____          _            __ _ _
 /\\ / ___'_ __ _ _(_)_ __  __ _ \ \ \ \
( ( )\___ | '_ | '_| | '_ \/ _` | \ \ \ \
 \\/  ___)| |_)| | | | | || (_| |  ) ) ) )
  '  |____| .__|_| |_|_| |_\__, | / / / /
 =========|_|==============|___/=/_/_/_/

 :: Spring Boot ::                (v3.3.5)

2026-08-20T21:23:40.933+05:30  INFO 8628 --- [           main] com.example.audit.AuditSecurityTest      : Starting AuditSecurityTest using Java 21.0.8 with PID 8628 (started by Admin in C:\Users\Admin\git\tamper-evident-audit-log-ai-assisted)
2026-08-20T21:23:40.933+05:30  INFO 8628 --- [           main] com.example.audit.AuditSecurityTest      : No active profile set, falling back to 1 default profile: "default"
2026-08-20T21:23:41.373+05:30  INFO 8628 --- [           main] .s.d.r.c.RepositoryConfigurationDelegate : Bootstrapping Spring Data JPA repositories in DEFAULT mode.
2026-08-20T21:23:41.412+05:30  INFO 8628 --- [           main] .s.d.r.c.RepositoryConfigurationDelegate : Finished Spring Data repository scanning in 38 ms. Found 5 JPA repository interfaces.
2026-08-20T21:23:41.622+05:30  INFO 8628 --- [           main] o.hibernate.jpa.internal.util.LogHelper  : HHH000204: Processing PersistenceUnitInfo [name: default]
2026-08-20T21:23:41.631+05:30  INFO 8628 --- [           main] o.h.c.internal.RegionFactoryInitiator    : HHH000026: Second-level cache disabled
2026-08-20T21:23:41.655+05:30  INFO 8628 --- [           main] o.s.o.j.p.SpringPersistenceUnitInfo      : No LoadTimeWeaver setup: ignoring JPA class transformer
2026-08-20T21:23:41.657+05:30  INFO 8628 --- [           main] com.zaxxer.hikari.HikariDataSource       : HikariPool-14 - Starting...
2026-08-20T21:23:41.658+05:30  INFO 8628 --- [           main] com.zaxxer.hikari.pool.HikariPool        : HikariPool-14 - Added connection conn130: url=jdbc:h2:mem:audit-test user=SA
2026-08-20T21:23:41.659+05:30  INFO 8628 --- [           main] com.zaxxer.hikari.HikariDataSource       : HikariPool-14 - Start completed.
2026-08-20T21:23:41.924+05:30  INFO 8628 --- [           main] o.h.e.t.j.p.i.JtaPlatformInitiator       : HHH000489: No JTA platform available (set 'hibernate.transaction.jta.platform' to enable JTA platform integration)
2026-08-20T21:23:41.943+05:30  INFO 8628 --- [           main] j.LocalContainerEntityManagerFactoryBean : Initialized JPA EntityManagerFactory for persistence unit 'default'
2026-08-20T21:23:42.127+05:30  WARN 8628 --- [           main] c.e.audit.config.SigningKeyStoreConfig   : Using an EPHEMERAL signing key. Signatures produced now will NOT verify after a restart. Set audit.signing.private-key-base64/public-key-base64 (KMS-injected) or audit.signing.store-path for any deployment whose exports must remain verifiable.
2026-08-20T21:23:42.128+05:30  INFO 8628 --- [           main] c.e.audit.config.SigningKeyStoreConfig   : Audit export signing initialised: EPHEMERAL in-memory key store (not durable - test/throwaway use only)
2026-08-20T21:23:42.304+05:30  WARN 8628 --- [           main] JpaBaseConfiguration$JpaWebConfiguration : spring.jpa.open-in-view is enabled by default. Therefore, database queries may be performed during view rendering. Explicitly configure spring.jpa.open-in-view to disable this warning
2026-08-20T21:23:42.710+05:30  INFO 8628 --- [           main] r$InitializeUserDetailsManagerConfigurer : Global AuthenticationManager configured with UserDetailsService bean with name userDetailsService
2026-08-20T21:23:43.101+05:30  INFO 8628 --- [           main] o.s.b.t.m.w.SpringBootMockServletContext : Initializing Spring TestDispatcherServlet ''
2026-08-20T21:23:43.101+05:30  INFO 8628 --- [           main] o.s.t.web.servlet.TestDispatcherServlet  : Initializing Servlet ''
2026-08-20T21:23:43.103+05:30  INFO 8628 --- [           main] o.s.t.web.servlet.TestDispatcherServlet  : Completed initialization in 2 ms
2026-08-20T21:23:43.153+05:30  INFO 8628 --- [           main] com.example.audit.AuditSecurityTest      : Started AuditSecurityTest in 2.265 seconds (process running for 125.842)
]]></system-out>
  </testcase>
  <testcase name="queryWithoutCredentialsIsRejected" classname="com.example.audit.AuditSecurityTest" time="2.459">
    <system-out><![CDATA[2026-08-20T21:23:43.184+05:30  INFO 8628 --- [           main] j.LocalContainerEntityManagerFactoryBean : Closing JPA EntityManagerFactory for persistence unit 'default'
2026-08-20T21:23:43.208+05:30  INFO 8628 --- [           main] com.zaxxer.hikari.HikariDataSource       : HikariPool-14 - Shutdown initiated...
2026-08-20T21:23:43.227+05:30  INFO 8628 --- [           main] com.zaxxer.hikari.HikariDataSource       : HikariPool-14 - Shutdown completed.

  .   ____          _            __ _ _
 /\\ / ___'_ __ _ _(_)_ __  __ _ \ \ \ \
( ( )\___ | '_ | '_| | '_ \/ _` | \ \ \ \
 \\/  ___)| |_)| | | | | || (_| |  ) ) ) )
  '  |____| .__|_| |_|_| |_\__, | / / / /
 =========|_|==============|___/=/_/_/_/

 :: Spring Boot ::                (v3.3.5)

2026-08-20T21:23:43.299+05:30  INFO 8628 --- [           main] com.example.audit.AuditSecurityTest      : Starting AuditSecurityTest using Java 21.0.8 with PID 8628 (started by Admin in C:\Users\Admin\git\tamper-evident-audit-log-ai-assisted)
2026-08-20T21:23:43.299+05:30  INFO 8628 --- [           main] com.example.audit.AuditSecurityTest      : No active profile set, falling back to 1 default profile: "default"
2026-08-20T21:23:43.779+05:30  INFO 8628 --- [           main] .s.d.r.c.RepositoryConfigurationDelegate : Bootstrapping Spring Data JPA repositories in DEFAULT mode.
2026-08-20T21:23:43.840+05:30  INFO 8628 --- [           main] .s.d.r.c.RepositoryConfigurationDelegate : Finished Spring Data repository scanning in 60 ms. Found 5 JPA repository interfaces.
2026-08-20T21:23:44.070+05:30  INFO 8628 --- [           main] o.hibernate.jpa.internal.util.LogHelper  : HHH000204: Processing PersistenceUnitInfo [name: default]
2026-08-20T21:23:44.085+05:30  INFO 8628 --- [           main] o.h.c.internal.RegionFactoryInitiator    : HHH000026: Second-level cache disabled
2026-08-20T21:23:44.124+05:30  INFO 8628 --- [           main] o.s.o.j.p.SpringPersistenceUnitInfo      : No LoadTimeWeaver setup: ignoring JPA class transformer
2026-08-20T21:23:44.127+05:30  INFO 8628 --- [           main] com.zaxxer.hikari.HikariDataSource       : HikariPool-15 - Starting...
2026-08-20T21:23:44.128+05:30  INFO 8628 --- [           main] com.zaxxer.hikari.pool.HikariPool        : HikariPool-15 - Added connection conn140: url=jdbc:h2:mem:audit-test user=SA
2026-08-20T21:23:44.129+05:30  INFO 8628 --- [           main] com.zaxxer.hikari.HikariDataSource       : HikariPool-15 - Start completed.
2026-08-20T21:23:44.532+05:30  INFO 8628 --- [           main] o.h.e.t.j.p.i.JtaPlatformInitiator       : HHH000489: No JTA platform available (set 'hibernate.transaction.jta.platform' to enable JTA platform integration)
2026-08-20T21:23:44.551+05:30  INFO 8628 --- [           main] j.LocalContainerEntityManagerFactoryBean : Initialized JPA EntityManagerFactory for persistence unit 'default'
2026-08-20T21:23:44.759+05:30  WARN 8628 --- [           main] c.e.audit.config.SigningKeyStoreConfig   : Using an EPHEMERAL signing key. Signatures produced now will NOT verify after a restart. Set audit.signing.private-key-base64/public-key-base64 (KMS-injected) or audit.signing.store-path for any deployment whose exports must remain verifiable.
2026-08-20T21:23:44.760+05:30  INFO 8628 --- [           main] c.e.audit.config.SigningKeyStoreConfig   : Audit export signing initialised: EPHEMERAL in-memory key store (not durable - test/throwaway use only)
2026-08-20T21:23:44.889+05:30  WARN 8628 --- [           main] JpaBaseConfiguration$JpaWebConfiguration : spring.jpa.open-in-view is enabled by default. Therefore, database queries may be performed during view rendering. Explicitly configure spring.jpa.open-in-view to disable this warning
2026-08-20T21:23:45.277+05:30  INFO 8628 --- [           main] r$InitializeUserDetailsManagerConfigurer : Global AuthenticationManager configured with UserDetailsService bean with name userDetailsService
2026-08-20T21:23:45.584+05:30  INFO 8628 --- [           main] o.s.b.t.m.w.SpringBootMockServletContext : Initializing Spring TestDispatcherServlet ''
2026-08-20T21:23:45.585+05:30  INFO 8628 --- [           main] o.s.t.web.servlet.TestDispatcherServlet  : Initializing Servlet ''
2026-08-20T21:23:45.587+05:30  INFO 8628 --- [           main] o.s.t.web.servlet.TestDispatcherServlet  : Completed initialization in 2 ms
2026-08-20T21:23:45.613+05:30  INFO 8628 --- [           main] com.example.audit.AuditSecurityTest      : Started AuditSecurityTest in 2.379 seconds (process running for 128.302)
]]></system-out>
  </testcase>
  <testcase name="readerCanQueryAndVerify" classname="com.example.audit.AuditSecurityTest" time="2.921">
    <system-out><![CDATA[2026-08-20T21:23:45.639+05:30  INFO 8628 --- [           main] j.LocalContainerEntityManagerFactoryBean : Closing JPA EntityManagerFactory for persistence unit 'default'
2026-08-20T21:23:45.646+05:30  INFO 8628 --- [           main] com.zaxxer.hikari.HikariDataSource       : HikariPool-15 - Shutdown initiated...
2026-08-20T21:23:45.650+05:30  INFO 8628 --- [           main] com.zaxxer.hikari.HikariDataSource       : HikariPool-15 - Shutdown completed.

  .   ____          _            __ _ _
 /\\ / ___'_ __ _ _(_)_ __  __ _ \ \ \ \
( ( )\___ | '_ | '_| | '_ \/ _` | \ \ \ \
 \\/  ___)| |_)| | | | | || (_| |  ) ) ) )
  '  |____| .__|_| |_|_| |_\__, | / / / /
 =========|_|==============|___/=/_/_/_/

 :: Spring Boot ::                (v3.3.5)

2026-08-20T21:23:45.718+05:30  INFO 8628 --- [           main] com.example.audit.AuditSecurityTest      : Starting AuditSecurityTest using Java 21.0.8 with PID 8628 (started by Admin in C:\Users\Admin\git\tamper-evident-audit-log-ai-assisted)
2026-08-20T21:23:45.718+05:30  INFO 8628 --- [           main] com.example.audit.AuditSecurityTest      : No active profile set, falling back to 1 default profile: "default"
2026-08-20T21:23:46.190+05:30  INFO 8628 --- [           main] .s.d.r.c.RepositoryConfigurationDelegate : Bootstrapping Spring Data JPA repositories in DEFAULT mode.
2026-08-20T21:23:46.229+05:30  INFO 8628 --- [           main] .s.d.r.c.RepositoryConfigurationDelegate : Finished Spring Data repository scanning in 38 ms. Found 5 JPA repository interfaces.
2026-08-20T21:23:46.424+05:30  INFO 8628 --- [           main] o.hibernate.jpa.internal.util.LogHelper  : HHH000204: Processing PersistenceUnitInfo [name: default]
2026-08-20T21:23:46.437+05:30  INFO 8628 --- [           main] o.h.c.internal.RegionFactoryInitiator    : HHH000026: Second-level cache disabled
2026-08-20T21:23:46.460+05:30  INFO 8628 --- [           main] o.s.o.j.p.SpringPersistenceUnitInfo      : No LoadTimeWeaver setup: ignoring JPA class transformer
2026-08-20T21:23:46.463+05:30  INFO 8628 --- [           main] com.zaxxer.hikari.HikariDataSource       : HikariPool-16 - Starting...
2026-08-20T21:23:46.466+05:30  INFO 8628 --- [           main] com.zaxxer.hikari.pool.HikariPool        : HikariPool-16 - Added connection conn150: url=jdbc:h2:mem:audit-test user=SA
2026-08-20T21:23:46.467+05:30  INFO 8628 --- [           main] com.zaxxer.hikari.HikariDataSource       : HikariPool-16 - Start completed.
2026-08-20T21:23:46.734+05:30  INFO 8628 --- [           main] o.h.e.t.j.p.i.JtaPlatformInitiator       : HHH000489: No JTA platform available (set 'hibernate.transaction.jta.platform' to enable JTA platform integration)
2026-08-20T21:23:46.751+05:30  INFO 8628 --- [           main] j.LocalContainerEntityManagerFactoryBean : Initialized JPA EntityManagerFactory for persistence unit 'default'
2026-08-20T21:23:46.937+05:30  WARN 8628 --- [           main] c.e.audit.config.SigningKeyStoreConfig   : Using an EPHEMERAL signing key. Signatures produced now will NOT verify after a restart. Set audit.signing.private-key-base64/public-key-base64 (KMS-injected) or audit.signing.store-path for any deployment whose exports must remain verifiable.
2026-08-20T21:23:46.937+05:30  INFO 8628 --- [           main] c.e.audit.config.SigningKeyStoreConfig   : Audit export signing initialised: EPHEMERAL in-memory key store (not durable - test/throwaway use only)
2026-08-20T21:23:47.053+05:30  WARN 8628 --- [           main] JpaBaseConfiguration$JpaWebConfiguration : spring.jpa.open-in-view is enabled by default. Therefore, database queries may be performed during view rendering. Explicitly configure spring.jpa.open-in-view to disable this warning
2026-08-20T21:23:47.449+05:30  INFO 8628 --- [           main] r$InitializeUserDetailsManagerConfigurer : Global AuthenticationManager configured with UserDetailsService bean with name userDetailsService
2026-08-20T21:23:47.762+05:30  INFO 8628 --- [           main] o.s.b.t.m.w.SpringBootMockServletContext : Initializing Spring TestDispatcherServlet ''
2026-08-20T21:23:47.763+05:30  INFO 8628 --- [           main] o.s.t.web.servlet.TestDispatcherServlet  : Initializing Servlet ''
2026-08-20T21:23:47.766+05:30  INFO 8628 --- [           main] o.s.t.web.servlet.TestDispatcherServlet  : Completed initialization in 2 ms
2026-08-20T21:23:47.781+05:30  INFO 8628 --- [           main] com.example.audit.AuditSecurityTest      : Started AuditSecurityTest in 2.127 seconds (process running for 130.47)
2026-08-20T21:23:48.342+05:30  WARN 8628 --- [           main] ration$PageModule$WarningLoggingModifier : Serializing PageImpl instances as-is is not supported, meaning that there is no guarantee about the stability of the resulting JSON structure!
	For a stable JSON structure, please use Spring Data's PagedModel (globally via @EnableSpringDataWebSupport(pageSerializationMode = VIA_DTO))
	or Spring HATEOAS and Spring Data's PagedResourcesAssembler as documented in https://docs.spring.io/spring-data/commons/reference/repositories/core-extensions.html#core.web.pageables.

]]></system-out>
  </testcase>
  <testcase name="redactWithoutCredentialsIsRejected" classname="com.example.audit.AuditSecurityTest" time="2.727">
    <system-out><![CDATA[2026-08-20T21:23:48.574+05:30  INFO 8628 --- [           main] j.LocalContainerEntityManagerFactoryBean : Closing JPA EntityManagerFactory for persistence unit 'default'
2026-08-20T21:23:48.584+05:30  INFO 8628 --- [           main] com.zaxxer.hikari.HikariDataSource       : HikariPool-16 - Shutdown initiated...
2026-08-20T21:23:48.609+05:30  INFO 8628 --- [           main] com.zaxxer.hikari.HikariDataSource       : HikariPool-16 - Shutdown completed.

  .   ____          _            __ _ _
 /\\ / ___'_ __ _ _(_)_ __  __ _ \ \ \ \
( ( )\___ | '_ | '_| | '_ \/ _` | \ \ \ \
 \\/  ___)| |_)| | | | | || (_| |  ) ) ) )
  '  |____| .__|_| |_|_| |_\__, | / / / /
 =========|_|==============|___/=/_/_/_/

 :: Spring Boot ::                (v3.3.5)

2026-08-20T21:23:48.714+05:30  INFO 8628 --- [           main] com.example.audit.AuditSecurityTest      : Starting AuditSecurityTest using Java 21.0.8 with PID 8628 (started by Admin in C:\Users\Admin\git\tamper-evident-audit-log-ai-assisted)
2026-08-20T21:23:48.715+05:30  INFO 8628 --- [           main] com.example.audit.AuditSecurityTest      : No active profile set, falling back to 1 default profile: "default"
2026-08-20T21:23:49.488+05:30  INFO 8628 --- [           main] .s.d.r.c.RepositoryConfigurationDelegate : Bootstrapping Spring Data JPA repositories in DEFAULT mode.
2026-08-20T21:23:49.545+05:30  INFO 8628 --- [           main] .s.d.r.c.RepositoryConfigurationDelegate : Finished Spring Data repository scanning in 56 ms. Found 5 JPA repository interfaces.
2026-08-20T21:23:49.882+05:30  INFO 8628 --- [           main] o.hibernate.jpa.internal.util.LogHelper  : HHH000204: Processing PersistenceUnitInfo [name: default]
2026-08-20T21:23:49.899+05:30  INFO 8628 --- [           main] o.h.c.internal.RegionFactoryInitiator    : HHH000026: Second-level cache disabled
2026-08-20T21:23:49.919+05:30  INFO 8628 --- [           main] o.s.o.j.p.SpringPersistenceUnitInfo      : No LoadTimeWeaver setup: ignoring JPA class transformer
2026-08-20T21:23:49.921+05:30  INFO 8628 --- [           main] com.zaxxer.hikari.HikariDataSource       : HikariPool-17 - Starting...
2026-08-20T21:23:49.924+05:30  INFO 8628 --- [           main] com.zaxxer.hikari.pool.HikariPool        : HikariPool-17 - Added connection conn160: url=jdbc:h2:mem:audit-test user=SA
2026-08-20T21:23:49.924+05:30  INFO 8628 --- [           main] com.zaxxer.hikari.HikariDataSource       : HikariPool-17 - Start completed.
2026-08-20T21:23:50.185+05:30  INFO 8628 --- [           main] o.h.e.t.j.p.i.JtaPlatformInitiator       : HHH000489: No JTA platform available (set 'hibernate.transaction.jta.platform' to enable JTA platform integration)
2026-08-20T21:23:50.213+05:30  INFO 8628 --- [           main] j.LocalContainerEntityManagerFactoryBean : Initialized JPA EntityManagerFactory for persistence unit 'default'
2026-08-20T21:23:50.460+05:30  WARN 8628 --- [           main] c.e.audit.config.SigningKeyStoreConfig   : Using an EPHEMERAL signing key. Signatures produced now will NOT verify after a restart. Set audit.signing.private-key-base64/public-key-base64 (KMS-injected) or audit.signing.store-path for any deployment whose exports must remain verifiable.
2026-08-20T21:23:50.461+05:30  INFO 8628 --- [           main] c.e.audit.config.SigningKeyStoreConfig   : Audit export signing initialised: EPHEMERAL in-memory key store (not durable - test/throwaway use only)
2026-08-20T21:23:50.547+05:30  WARN 8628 --- [           main] JpaBaseConfiguration$JpaWebConfiguration : spring.jpa.open-in-view is enabled by default. Therefore, database queries may be performed during view rendering. Explicitly configure spring.jpa.open-in-view to disable this warning
2026-08-20T21:23:50.934+05:30  INFO 8628 --- [           main] r$InitializeUserDetailsManagerConfigurer : Global AuthenticationManager configured with UserDetailsService bean with name userDetailsService
2026-08-20T21:23:51.240+05:30  INFO 8628 --- [           main] o.s.b.t.m.w.SpringBootMockServletContext : Initializing Spring TestDispatcherServlet ''
2026-08-20T21:23:51.240+05:30  INFO 8628 --- [           main] o.s.t.web.servlet.TestDispatcherServlet  : Initializing Servlet ''
2026-08-20T21:23:51.242+05:30  INFO 8628 --- [           main] o.s.t.web.servlet.TestDispatcherServlet  : Completed initialization in 2 ms
2026-08-20T21:23:51.270+05:30  INFO 8628 --- [           main] com.example.audit.AuditSecurityTest      : Started AuditSecurityTest in 2.657 seconds (process running for 133.959)
]]></system-out>
  </testcase>
  <testcase name="writerCannotQuery" classname="com.example.audit.AuditSecurityTest" time="2.4">
    <system-out><![CDATA[2026-08-20T21:23:51.297+05:30  INFO 8628 --- [           main] j.LocalContainerEntityManagerFactoryBean : Closing JPA EntityManagerFactory for persistence unit 'default'
2026-08-20T21:23:51.302+05:30  INFO 8628 --- [           main] com.zaxxer.hikari.HikariDataSource       : HikariPool-17 - Shutdown initiated...
2026-08-20T21:23:51.304+05:30  INFO 8628 --- [           main] com.zaxxer.hikari.HikariDataSource       : HikariPool-17 - Shutdown completed.

  .   ____          _            __ _ _
 /\\ / ___'_ __ _ _(_)_ __  __ _ \ \ \ \
( ( )\___ | '_ | '_| | '_ \/ _` | \ \ \ \
 \\/  ___)| |_)| | | | | || (_| |  ) ) ) )
  '  |____| .__|_| |_|_| |_\__, | / / / /
 =========|_|==============|___/=/_/_/_/

 :: Spring Boot ::                (v3.3.5)

2026-08-20T21:23:51.372+05:30  INFO 8628 --- [           main] com.example.audit.AuditSecurityTest      : Starting AuditSecurityTest using Java 21.0.8 with PID 8628 (started by Admin in C:\Users\Admin\git\tamper-evident-audit-log-ai-assisted)
2026-08-20T21:23:51.372+05:30  INFO 8628 --- [           main] com.example.audit.AuditSecurityTest      : No active profile set, falling back to 1 default profile: "default"
2026-08-20T21:23:51.868+05:30  INFO 8628 --- [           main] .s.d.r.c.RepositoryConfigurationDelegate : Bootstrapping Spring Data JPA repositories in DEFAULT mode.
2026-08-20T21:23:51.906+05:30  INFO 8628 --- [           main] .s.d.r.c.RepositoryConfigurationDelegate : Finished Spring Data repository scanning in 37 ms. Found 5 JPA repository interfaces.
2026-08-20T21:23:52.119+05:30  INFO 8628 --- [           main] o.hibernate.jpa.internal.util.LogHelper  : HHH000204: Processing PersistenceUnitInfo [name: default]
2026-08-20T21:23:52.129+05:30  INFO 8628 --- [           main] o.h.c.internal.RegionFactoryInitiator    : HHH000026: Second-level cache disabled
2026-08-20T21:23:52.156+05:30  INFO 8628 --- [           main] o.s.o.j.p.SpringPersistenceUnitInfo      : No LoadTimeWeaver setup: ignoring JPA class transformer
2026-08-20T21:23:52.158+05:30  INFO 8628 --- [           main] com.zaxxer.hikari.HikariDataSource       : HikariPool-18 - Starting...
2026-08-20T21:23:52.159+05:30  INFO 8628 --- [           main] com.zaxxer.hikari.pool.HikariPool        : HikariPool-18 - Added connection conn170: url=jdbc:h2:mem:audit-test user=SA
2026-08-20T21:23:52.160+05:30  INFO 8628 --- [           main] com.zaxxer.hikari.HikariDataSource       : HikariPool-18 - Start completed.
2026-08-20T21:23:52.410+05:30  INFO 8628 --- [           main] o.h.e.t.j.p.i.JtaPlatformInitiator       : HHH000489: No JTA platform available (set 'hibernate.transaction.jta.platform' to enable JTA platform integration)
2026-08-20T21:23:52.430+05:30  INFO 8628 --- [           main] j.LocalContainerEntityManagerFactoryBean : Initialized JPA EntityManagerFactory for persistence unit 'default'
2026-08-20T21:23:52.602+05:30  WARN 8628 --- [           main] c.e.audit.config.SigningKeyStoreConfig   : Using an EPHEMERAL signing key. Signatures produced now will NOT verify after a restart. Set audit.signing.private-key-base64/public-key-base64 (KMS-injected) or audit.signing.store-path for any deployment whose exports must remain verifiable.
2026-08-20T21:23:52.602+05:30  INFO 8628 --- [           main] c.e.audit.config.SigningKeyStoreConfig   : Audit export signing initialised: EPHEMERAL in-memory key store (not durable - test/throwaway use only)
2026-08-20T21:23:52.718+05:30  WARN 8628 --- [           main] JpaBaseConfiguration$JpaWebConfiguration : spring.jpa.open-in-view is enabled by default. Therefore, database queries may be performed during view rendering. Explicitly configure spring.jpa.open-in-view to disable this warning
2026-08-20T21:23:53.106+05:30  INFO 8628 --- [           main] r$InitializeUserDetailsManagerConfigurer : Global AuthenticationManager configured with UserDetailsService bean with name userDetailsService
2026-08-20T21:23:53.406+05:30  INFO 8628 --- [           main] o.s.b.t.m.w.SpringBootMockServletContext : Initializing Spring TestDispatcherServlet ''
2026-08-20T21:23:53.406+05:30  INFO 8628 --- [           main] o.s.t.web.servlet.TestDispatcherServlet  : Initializing Servlet ''
2026-08-20T21:23:53.409+05:30  INFO 8628 --- [           main] o.s.t.web.servlet.TestDispatcherServlet  : Completed initialization in 3 ms
2026-08-20T21:23:53.425+05:30  INFO 8628 --- [           main] com.example.audit.AuditSecurityTest      : Started AuditSecurityTest in 2.118 seconds (process running for 136.113)
]]></system-out>
  </testcase>
  <testcase name="adminCanExport" classname="com.example.audit.AuditSecurityTest" time="2.594">
    <system-out><![CDATA[2026-08-20T21:23:53.703+05:30  INFO 8628 --- [           main] j.LocalContainerEntityManagerFactoryBean : Closing JPA EntityManagerFactory for persistence unit 'default'
2026-08-20T21:23:53.713+05:30  INFO 8628 --- [           main] com.zaxxer.hikari.HikariDataSource       : HikariPool-18 - Shutdown initiated...
2026-08-20T21:23:53.718+05:30  INFO 8628 --- [           main] com.zaxxer.hikari.HikariDataSource       : HikariPool-18 - Shutdown completed.

  .   ____          _            __ _ _
 /\\ / ___'_ __ _ _(_)_ __  __ _ \ \ \ \
( ( )\___ | '_ | '_| | '_ \/ _` | \ \ \ \
 \\/  ___)| |_)| | | | | || (_| |  ) ) ) )
  '  |____| .__|_| |_|_| |_\__, | / / / /
 =========|_|==============|___/=/_/_/_/

 :: Spring Boot ::                (v3.3.5)

2026-08-20T21:23:53.768+05:30  INFO 8628 --- [           main] com.example.audit.AuditSecurityTest      : Starting AuditSecurityTest using Java 21.0.8 with PID 8628 (started by Admin in C:\Users\Admin\git\tamper-evident-audit-log-ai-assisted)
2026-08-20T21:23:53.768+05:30  INFO 8628 --- [           main] com.example.audit.AuditSecurityTest      : No active profile set, falling back to 1 default profile: "default"
2026-08-20T21:23:54.217+05:30  INFO 8628 --- [           main] .s.d.r.c.RepositoryConfigurationDelegate : Bootstrapping Spring Data JPA repositories in DEFAULT mode.
2026-08-20T21:23:54.252+05:30  INFO 8628 --- [           main] .s.d.r.c.RepositoryConfigurationDelegate : Finished Spring Data repository scanning in 34 ms. Found 5 JPA repository interfaces.
2026-08-20T21:23:54.447+05:30  INFO 8628 --- [           main] o.hibernate.jpa.internal.util.LogHelper  : HHH000204: Processing PersistenceUnitInfo [name: default]
2026-08-20T21:23:54.462+05:30  INFO 8628 --- [           main] o.h.c.internal.RegionFactoryInitiator    : HHH000026: Second-level cache disabled
2026-08-20T21:23:54.495+05:30  INFO 8628 --- [           main] o.s.o.j.p.SpringPersistenceUnitInfo      : No LoadTimeWeaver setup: ignoring JPA class transformer
2026-08-20T21:23:54.497+05:30  INFO 8628 --- [           main] com.zaxxer.hikari.HikariDataSource       : HikariPool-19 - Starting...
2026-08-20T21:23:54.499+05:30  INFO 8628 --- [           main] com.zaxxer.hikari.pool.HikariPool        : HikariPool-19 - Added connection conn180: url=jdbc:h2:mem:audit-test user=SA
2026-08-20T21:23:54.500+05:30  INFO 8628 --- [           main] com.zaxxer.hikari.HikariDataSource       : HikariPool-19 - Start completed.
2026-08-20T21:23:54.742+05:30  INFO 8628 --- [           main] o.h.e.t.j.p.i.JtaPlatformInitiator       : HHH000489: No JTA platform available (set 'hibernate.transaction.jta.platform' to enable JTA platform integration)
2026-08-20T21:23:54.770+05:30  INFO 8628 --- [           main] j.LocalContainerEntityManagerFactoryBean : Initialized JPA EntityManagerFactory for persistence unit 'default'
2026-08-20T21:23:54.946+05:30  WARN 8628 --- [           main] c.e.audit.config.SigningKeyStoreConfig   : Using an EPHEMERAL signing key. Signatures produced now will NOT verify after a restart. Set audit.signing.private-key-base64/public-key-base64 (KMS-injected) or audit.signing.store-path for any deployment whose exports must remain verifiable.
2026-08-20T21:23:54.948+05:30  INFO 8628 --- [           main] c.e.audit.config.SigningKeyStoreConfig   : Audit export signing initialised: EPHEMERAL in-memory key store (not durable - test/throwaway use only)
2026-08-20T21:23:55.045+05:30  WARN 8628 --- [           main] JpaBaseConfiguration$JpaWebConfiguration : spring.jpa.open-in-view is enabled by default. Therefore, database queries may be performed during view rendering. Explicitly configure spring.jpa.open-in-view to disable this warning
2026-08-20T21:23:55.433+05:30  INFO 8628 --- [           main] r$InitializeUserDetailsManagerConfigurer : Global AuthenticationManager configured with UserDetailsService bean with name userDetailsService
2026-08-20T21:23:55.700+05:30  INFO 8628 --- [           main] o.s.b.t.m.w.SpringBootMockServletContext : Initializing Spring TestDispatcherServlet ''
2026-08-20T21:23:55.700+05:30  INFO 8628 --- [           main] o.s.t.web.servlet.TestDispatcherServlet  : Initializing Servlet ''
2026-08-20T21:23:55.703+05:30  INFO 8628 --- [           main] o.s.t.web.servlet.TestDispatcherServlet  : Completed initialization in 3 ms
2026-08-20T21:23:55.726+05:30  INFO 8628 --- [           main] com.example.audit.AuditSecurityTest      : Started AuditSecurityTest in 2.006 seconds (process running for 138.415)
]]></system-out>
  </testcase>
</testsuite>